{"total": {"lines":{"total":37411,"covered":18150,"skipped":0,"pct":48.51},"statements":{"total":37411,"covered":18150,"skipped":0,"pct":48.51},"functions":{"total":933,"covered":499,"skipped":0,"pct":53.48},"branches":{"total":2772,"covered":2086,"skipped":0,"pct":75.25},"branchesTrue":{"total":0,"covered":0,"skipped":0,"pct":100}}
,"D:\\workspace\\rag-demo\\desktop\\src\\App.tsx": {"lines":{"total":5,"covered":0,"skipped":0,"pct":0},"functions":{"total":1,"covered":0,"skipped":0,"pct":0},"statements":{"total":5,"covered":0,"skipped":0,"pct":0},"branches":{"total":1,"covered":0,"skipped":0,"pct":0}}
,"D:\\workspace\\rag-demo\\desktop\\src\\main.tsx": {"lines":{"total":46,"covered":0,"skipped":0,"pct":0},"functions":{"total":1,"covered":0,"skipped":0,"pct":0},"statements":{"total":46,"covered":0,"skipped":0,"pct":0},"branches":{"total":1,"covered":0,"skipped":0,"pct":0}}
,"D:\\workspace\\rag-demo\\desktop\\src\\app\\router.tsx": {"lines":{"total":29,"covered":0,"skipped":0,"pct":0},"functions":{"total":1,"covered":0,"skipped":0,"pct":0},"statements":{"total":29,"covered":0,"skipped":0,"pct":0},"branches":{"total":1,"covered":0,"skipped":0,"pct":0}}
,"D:\\workspace\\rag-demo\\desktop\\src\\app\\i18n\\en-US.ts": {"lines":{"total":12,"covered":12,"skipped":0,"pct":100},"functions":{"total":0,"covered":0,"skipped":0,"pct":100},"statements":{"total":12,"covered":12,"skipped":0,"pct":100},"branches":{"total":0,"covered":0,"skipped":0,"pct":100}}
,"D:\\workspace\\rag-demo\\desktop\\src\\app\\i18n\\zh-CN.ts": {"lines":{"total":12,"covered":12,"skipped":0,"pct":100},"functions":{"total":0,"covered":0,"skipped":0,"pct":100},"statements":{"total":12,"covered":12,"skipped":0,"pct":100},"branches":{"total":0,"covered":0,"skipped":0,"pct":100}}
,"D:\\workspace\\rag-demo\\desktop\\src\\app\\layouts\\Sidebar.tsx": {"lines":{"total":72,"covered":14,"skipped":0,"pct":19.44},"functions":{"total":1,"covered":0,"skipped":0,"pct":0},"statements":{"total":72,"covered":14,"skipped":0,"pct":19.44},"branches":{"total":0,"covered":0,"skipped":0,"pct":100}}
,"D:\\workspace\\rag-demo\\desktop\\src\\app\\layouts\\BaseLayout\\ChatWorkspace.tsx": {"lines":{"total":20,"covered":0,"skipped":0,"pct":0},"functions":{"total":1,"covered":0,"skipped":0,"pct":0},"statements":{"total":20,"covered":0,"skipped":0,"pct":0},"branches":{"total":1,"covered":0,"skipped":0,"pct":0}}
,"D:\\workspace\\rag-demo\\desktop\\src\\app\\layouts\\BaseLayout\\SettingsWorkspace.tsx": {"lines":{"total":22,"covered":0,"skipped":0,"pct":0},"functions":{"total":1,"covered":0,"skipped":0,"pct":0},"statements":{"total":22,"covered":0,"skipped":0,"pct":0},"branches":{"total":1,"covered":0,"skipped":0,"pct":0}}
,"D:\\workspace\\rag-demo\\desktop\\src\\app\\layouts\\BaseLayout\\chatRuntime.tsx": {"lines":{"total":30,"covered":0,"skipped":0,"pct":0},"functions":{"total":1,"covered":0,"skipped":0,"pct":0},"statements":{"total":30,"covered":0,"skipped":0,"pct":0},"branches":{"total":1,"covered":0,"skipped":0,"pct":0}}
,"D:\\workspace\\rag-demo\\desktop\\src\\app\\layouts\\BaseLayout\\index.tsx": {"lines":{"total":16,"covered":0,"skipped":0,"pct":0},"functions":{"total":1,"covered":0,"skipped":0,"pct":0},"statements":{"total":16,"covered":0,"skipped":0,"pct":0},"branches":{"total":1,"covered":0,"skipped":0,"pct":0}}
,"D:\\workspace\\rag-demo\\desktop\\src\\app\\layouts\\BaseLayout\\layoutShared.tsx": {"lines":{"total":139,"covered":98,"skipped":0,"pct":70.5},"functions":{"total":4,"covered":3,"skipped":0,"pct":75},"statements":{"total":139,"covered":98,"skipped":0,"pct":70.5},"branches":{"total":20,"covered":16,"skipped":0,"pct":80}}
,"D:\\workspace\\rag-demo\\desktop\\src\\app\\providers\\AuthProvider.tsx": {"lines":{"total":81,"covered":4,"skipped":0,"pct":4.93},"functions":{"total":2,"covered":0,"skipped":0,"pct":0},"statements":{"total":81,"covered":4,"skipped":0,"pct":4.93},"branches":{"total":0,"covered":0,"skipped":0,"pct":100}}
,"D:\\workspace\\rag-demo\\desktop\\src\\app\\providers\\LanguageProvider.tsx": {"lines":{"total":30,"covered":0,"skipped":0,"pct":0},"functions":{"total":1,"covered":0,"skipped":0,"pct":0},"statements":{"total":30,"covered":0,"skipped":0,"pct":0},"branches":{"total":1,"covered":0,"skipped":0,"pct":0}}
,"D:\\workspace\\rag-demo\\desktop\\src\\app\\providers\\RoleModelConfigProvider.tsx": {"lines":{"total":138,"covered":19,"skipped":0,"pct":13.76},"functions":{"total":5,"covered":0,"skipped":0,"pct":0},"statements":{"total":138,"covered":19,"skipped":0,"pct":13.76},"branches":{"total":0,"covered":0,"skipped":0,"pct":100}}
,"D:\\workspace\\rag-demo\\desktop\\src\\app\\providers\\ThemeProvider.tsx": {"lines":{"total":61,"covered":0,"skipped":0,"pct":0},"functions":{"total":1,"covered":0,"skipped":0,"pct":0},"statements":{"total":61,"covered":0,"skipped":0,"pct":0},"branches":{"total":1,"covered":0,"skipped":0,"pct":0}}
,"D:\\workspace\\rag-demo\\desktop\\src\\app\\route-guards\\CatchAllRedirect.tsx": {"lines":{"total":4,"covered":0,"skipped":0,"pct":0},"functions":{"total":1,"covered":0,"skipped":0,"pct":0},"statements":{"total":4,"covered":0,"skipped":0,"pct":0},"branches":{"total":1,"covered":0,"skipped":0,"pct":0}}
,"D:\\workspace\\rag-demo\\desktop\\src\\app\\route-guards\\GuestOnly.tsx": {"lines":{"total":11,"covered":0,"skipped":0,"pct":0},"functions":{"total":1,"covered":0,"skipped":0,"pct":0},"statements":{"total":11,"covered":0,"skipped":0,"pct":0},"branches":{"total":1,"covered":0,"skipped":0,"pct":0}}
,"D:\\workspace\\rag-demo\\desktop\\src\\app\\route-guards\\RequireAuth.tsx": {"lines":{"total":11,"covered":0,"skipped":0,"pct":0},"functions":{"total":1,"covered":0,"skipped":0,"pct":0},"statements":{"total":11,"covered":0,"skipped":0,"pct":0},"branches":{"total":1,"covered":0,"skipped":0,"pct":0}}
,"D:\\workspace\\rag-demo\\desktop\\src\\app\\routes\\settingsRoutes.tsx": {"lines":{"total":149,"covered":149,"skipped":0,"pct":100},"functions":{"total":3,"covered":3,"skipped":0,"pct":100},"statements":{"total":149,"covered":149,"skipped":0,"pct":100},"branches":{"total":12,"covered":12,"skipped":0,"pct":100}}
,"D:\\workspace\\rag-demo\\desktop\\src\\features\\Settings\\components\\ApiConfigCard.tsx": {"lines":{"total":162,"covered":0,"skipped":0,"pct":0},"functions":{"total":1,"covered":0,"skipped":0,"pct":0},"statements":{"total":162,"covered":0,"skipped":0,"pct":0},"branches":{"total":1,"covered":0,"skipped":0,"pct":0}}
,"D:\\workspace\\rag-demo\\desktop\\src\\features\\Settings\\components\\DefaultModelCard.tsx": {"lines":{"total":91,"covered":0,"skipped":0,"pct":0},"functions":{"total":1,"covered":0,"skipped":0,"pct":0},"statements":{"total":91,"covered":0,"skipped":0,"pct":0},"branches":{"total":1,"covered":0,"skipped":0,"pct":0}}
,"D:\\workspace\\rag-demo\\desktop\\src\\features\\Settings\\components\\Divider.tsx": {"lines":{"total":5,"covered":0,"skipped":0,"pct":0},"functions":{"total":1,"covered":0,"skipped":0,"pct":0},"statements":{"total":5,"covered":0,"skipped":0,"pct":0},"branches":{"total":1,"covered":0,"skipped":0,"pct":0}}
,"D:\\workspace\\rag-demo\\desktop\\src\\features\\Settings\\components\\Header.tsx": {"lines":{"total":27,"covered":26,"skipped":0,"pct":96.29},"functions":{"total":1,"covered":1,"skipped":0,"pct":100},"statements":{"total":27,"covered":26,"skipped":0,"pct":96.29},"branches":{"total":4,"covered":3,"skipped":0,"pct":75}}
,"D:\\workspace\\rag-demo\\desktop\\src\\features\\Settings\\components\\ModelConfig.tsx": {"lines":{"total":283,"covered":0,"skipped":0,"pct":0},"functions":{"total":1,"covered":0,"skipped":0,"pct":0},"statements":{"total":283,"covered":0,"skipped":0,"pct":0},"branches":{"total":1,"covered":0,"skipped":0,"pct":0}}
,"D:\\workspace\\rag-demo\\desktop\\src\\features\\Settings\\components\\ModelRow.tsx": {"lines":{"total":76,"covered":0,"skipped":0,"pct":0},"functions":{"total":1,"covered":0,"skipped":0,"pct":0},"statements":{"total":76,"covered":0,"skipped":0,"pct":0},"branches":{"total":1,"covered":0,"skipped":0,"pct":0}}
,"D:\\workspace\\rag-demo\\desktop\\src\\features\\Settings\\components\\PlatformCard.tsx": {"lines":{"total":74,"covered":0,"skipped":0,"pct":0},"functions":{"total":1,"covered":0,"skipped":0,"pct":0},"statements":{"total":74,"covered":0,"skipped":0,"pct":0},"branches":{"total":1,"covered":0,"skipped":0,"pct":0}}
,"D:\\workspace\\rag-demo\\desktop\\src\\features\\Settings\\components\\PlatformConfigModal.tsx": {"lines":{"total":222,"covered":0,"skipped":0,"pct":0},"functions":{"total":1,"covered":0,"skipped":0,"pct":0},"statements":{"total":222,"covered":0,"skipped":0,"pct":0},"branches":{"total":1,"covered":0,"skipped":0,"pct":0}}
,"D:\\workspace\\rag-demo\\desktop\\src\\features\\Settings\\components\\SettingsNotice.tsx": {"lines":{"total":35,"covered":35,"skipped":0,"pct":100},"functions":{"total":1,"covered":1,"skipped":0,"pct":100},"statements":{"total":35,"covered":35,"skipped":0,"pct":100},"branches":{"total":1,"covered":1,"skipped":0,"pct":100}}
,"D:\\workspace\\rag-demo\\desktop\\src\\features\\Settings\\components\\SettingsPageLayout.tsx": {"lines":{"total":40,"covered":40,"skipped":0,"pct":100},"functions":{"total":1,"covered":1,"skipped":0,"pct":100},"statements":{"total":40,"covered":40,"skipped":0,"pct":100},"branches":{"total":3,"covered":3,"skipped":0,"pct":100}}
,"D:\\workspace\\rag-demo\\desktop\\src\\features\\Settings\\components\\SettingsStatBlock.tsx": {"lines":{"total":29,"covered":0,"skipped":0,"pct":0},"functions":{"total":1,"covered":0,"skipped":0,"pct":0},"statements":{"total":29,"covered":0,"skipped":0,"pct":0},"branches":{"total":1,"covered":0,"skipped":0,"pct":0}}
,"D:\\workspace\\rag-demo\\desktop\\src\\features\\Settings\\components\\Evaluation\\DetailDrawer.tsx": {"lines":{"total":349,"covered":5,"skipped":0,"pct":1.43},"functions":{"total":3,"covered":0,"skipped":0,"pct":0},"statements":{"total":349,"covered":5,"skipped":0,"pct":1.43},"branches":{"total":0,"covered":0,"skipped":0,"pct":100}}
,"D:\\workspace\\rag-demo\\desktop\\src\\features\\Settings\\components\\Evaluation\\EvaluationPackageGeneratorModal.tsx": {"lines":{"total":549,"covered":41,"skipped":0,"pct":7.46},"functions":{"total":6,"covered":0,"skipped":0,"pct":0},"statements":{"total":549,"covered":41,"skipped":0,"pct":7.46},"branches":{"total":0,"covered":0,"skipped":0,"pct":100}}
,"D:\\workspace\\rag-demo\\desktop\\src\\features\\Settings\\components\\Evaluation\\MetricGrid.tsx": {"lines":{"total":58,"covered":4,"skipped":0,"pct":6.89},"functions":{"total":2,"covered":0,"skipped":0,"pct":0},"statements":{"total":58,"covered":4,"skipped":0,"pct":6.89},"branches":{"total":0,"covered":0,"skipped":0,"pct":100}}
,"D:\\workspace\\rag-demo\\desktop\\src\\features\\Settings\\components\\Evaluation\\StatusBadge.tsx": {"lines":{"total":44,"covered":33,"skipped":0,"pct":75},"functions":{"total":1,"covered":0,"skipped":0,"pct":0},"statements":{"total":44,"covered":33,"skipped":0,"pct":75},"branches":{"total":0,"covered":0,"skipped":0,"pct":100}}
,"D:\\workspace\\rag-demo\\desktop\\src\\features\\Settings\\i18n\\en-US.ts": {"lines":{"total":1108,"covered":1108,"skipped":0,"pct":100},"functions":{"total":0,"covered":0,"skipped":0,"pct":100},"statements":{"total":1108,"covered":1108,"skipped":0,"pct":100},"branches":{"total":0,"covered":0,"skipped":0,"pct":100}}
,"D:\\workspace\\rag-demo\\desktop\\src\\features\\Settings\\i18n\\zh-CN.ts": {"lines":{"total":1065,"covered":1065,"skipped":0,"pct":100},"functions":{"total":0,"covered":0,"skipped":0,"pct":100},"statements":{"total":1065,"covered":1065,"skipped":0,"pct":100},"branches":{"total":0,"covered":0,"skipped":0,"pct":100}}
,"D:\\workspace\\rag-demo\\desktop\\src\\features\\Settings\\pages\\About\\index.tsx": {"lines":{"total":72,"covered":69,"skipped":0,"pct":95.83},"functions":{"total":2,"covered":2,"skipped":0,"pct":100},"statements":{"total":72,"covered":69,"skipped":0,"pct":95.83},"branches":{"total":11,"covered":10,"skipped":0,"pct":90.9}}
,"D:\\workspace\\rag-demo\\desktop\\src\\features\\Settings\\pages\\Account\\index.tsx": {"lines":{"total":4,"covered":4,"skipped":0,"pct":100},"functions":{"total":1,"covered":1,"skipped":0,"pct":100},"statements":{"total":4,"covered":4,"skipped":0,"pct":100},"branches":{"total":1,"covered":1,"skipped":0,"pct":100}}
,"D:\\workspace\\rag-demo\\desktop\\src\\features\\Settings\\pages\\Development\\index.tsx": {"lines":{"total":121,"covered":0,"skipped":0,"pct":0},"functions":{"total":1,"covered":0,"skipped":0,"pct":0},"statements":{"total":121,"covered":0,"skipped":0,"pct":0},"branches":{"total":1,"covered":0,"skipped":0,"pct":0}}
,"D:\\workspace\\rag-demo\\desktop\\src\\features\\Settings\\pages\\Development\\components\\BaseInformationPanel.tsx": {"lines":{"total":149,"covered":102,"skipped":0,"pct":68.45},"functions":{"total":4,"covered":2,"skipped":0,"pct":50},"statements":{"total":149,"covered":102,"skipped":0,"pct":68.45},"branches":{"total":14,"covered":7,"skipped":0,"pct":50}}
,"D:\\workspace\\rag-demo\\desktop\\src\\features\\Settings\\pages\\Development\\components\\CoverageReportView.tsx": {"lines":{"total":34,"covered":34,"skipped":0,"pct":100},"functions":{"total":1,"covered":1,"skipped":0,"pct":100},"statements":{"total":34,"covered":34,"skipped":0,"pct":100},"branches":{"total":8,"covered":7,"skipped":0,"pct":87.5}}
,"D:\\workspace\\rag-demo\\desktop\\src\\features\\Settings\\pages\\Development\\pages\\ApiDocs\\index.tsx": {"lines":{"total":8,"covered":8,"skipped":0,"pct":100},"functions":{"total":1,"covered":1,"skipped":0,"pct":100},"statements":{"total":8,"covered":8,"skipped":0,"pct":100},"branches":{"total":1,"covered":1,"skipped":0,"pct":100}}
,"D:\\workspace\\rag-demo\\desktop\\src\\features\\Settings\\pages\\Development\\pages\\BaseInformation\\index.tsx": {"lines":{"total":7,"covered":7,"skipped":0,"pct":100},"functions":{"total":1,"covered":1,"skipped":0,"pct":100},"statements":{"total":7,"covered":7,"skipped":0,"pct":100},"branches":{"total":1,"covered":1,"skipped":0,"pct":100}}
,"D:\\workspace\\rag-demo\\desktop\\src\\features\\Settings\\pages\\Development\\pages\\ClientTests\\index.tsx": {"lines":{"total":7,"covered":7,"skipped":0,"pct":100},"functions":{"total":1,"covered":1,"skipped":0,"pct":100},"statements":{"total":7,"covered":7,"skipped":0,"pct":100},"branches":{"total":1,"covered":1,"skipped":0,"pct":100}}
,"D:\\workspace\\rag-demo\\desktop\\src\\features\\Settings\\pages\\Development\\pages\\Database\\index.tsx": {"lines":{"total":79,"covered":77,"skipped":0,"pct":97.46},"functions":{"total":2,"covered":2,"skipped":0,"pct":100},"statements":{"total":79,"covered":77,"skipped":0,"pct":97.46},"branches":{"total":8,"covered":5,"skipped":0,"pct":62.5}}
,"D:\\workspace\\rag-demo\\desktop\\src\\features\\Settings\\pages\\Development\\pages\\Docs\\index.tsx": {"lines":{"total":6,"covered":6,"skipped":0,"pct":100},"functions":{"total":1,"covered":1,"skipped":0,"pct":100},"statements":{"total":6,"covered":6,"skipped":0,"pct":100},"branches":{"total":1,"covered":1,"skipped":0,"pct":100}}
,"D:\\workspace\\rag-demo\\desktop\\src\\features\\Settings\\pages\\Development\\pages\\Logs\\index.tsx": {"lines":{"total":138,"covered":106,"skipped":0,"pct":76.81},"functions":{"total":4,"covered":4,"skipped":0,"pct":100},"statements":{"total":138,"covered":106,"skipped":0,"pct":76.81},"branches":{"total":26,"covered":14,"skipped":0,"pct":53.84}}
,"D:\\workspace\\rag-demo\\desktop\\src\\features\\Settings\\pages\\Development\\pages\\ServerTests\\index.tsx": {"lines":{"total":7,"covered":7,"skipped":0,"pct":100},"functions":{"total":1,"covered":1,"skipped":0,"pct":100},"statements":{"total":7,"covered":7,"skipped":0,"pct":100},"branches":{"total":1,"covered":1,"skipped":0,"pct":100}}
,"D:\\workspace\\rag-demo\\desktop\\src\\features\\Settings\\pages\\Evaluation\\Center.tsx": {"lines":{"total":383,"covered":184,"skipped":0,"pct":48.04},"functions":{"total":20,"covered":3,"skipped":0,"pct":15},"statements":{"total":383,"covered":184,"skipped":0,"pct":48.04},"branches":{"total":23,"covered":11,"skipped":0,"pct":47.82}}
,"D:\\workspace\\rag-demo\\desktop\\src\\features\\Settings\\pages\\Evaluation\\New.tsx": {"lines":{"total":747,"covered":4,"skipped":0,"pct":0.53},"functions":{"total":7,"covered":0,"skipped":0,"pct":0},"statements":{"total":747,"covered":4,"skipped":0,"pct":0.53},"branches":{"total":0,"covered":0,"skipped":0,"pct":100}}
,"D:\\workspace\\rag-demo\\desktop\\src\\features\\Settings\\pages\\Evaluation\\exportMarkdown.ts": {"lines":{"total":811,"covered":557,"skipped":0,"pct":68.68},"functions":{"total":64,"covered":59,"skipped":0,"pct":92.18},"statements":{"total":811,"covered":557,"skipped":0,"pct":68.68},"branches":{"total":141,"covered":79,"skipped":0,"pct":56.02}}
,"D:\\workspace\\rag-demo\\desktop\\src\\features\\Settings\\pages\\Evaluation\\knowledgeBaseLabel.ts": {"lines":{"total":9,"covered":9,"skipped":0,"pct":100},"functions":{"total":1,"covered":1,"skipped":0,"pct":100},"statements":{"total":9,"covered":9,"skipped":0,"pct":100},"branches":{"total":4,"covered":4,"skipped":0,"pct":100}}
,"D:\\workspace\\rag-demo\\desktop\\src\\features\\Settings\\pages\\Evaluation\\mock.ts": {"lines":{"total":273,"covered":0,"skipped":0,"pct":0},"functions":{"total":1,"covered":1,"skipped":0,"pct":100},"statements":{"total":273,"covered":0,"skipped":0,"pct":0},"branches":{"total":1,"covered":1,"skipped":0,"pct":100}}
,"D:\\workspace\\rag-demo\\desktop\\src\\features\\Settings\\pages\\Evaluation\\storage.ts": {"lines":{"total":30,"covered":30,"skipped":0,"pct":100},"functions":{"total":5,"covered":5,"skipped":0,"pct":100},"statements":{"total":30,"covered":30,"skipped":0,"pct":100},"branches":{"total":13,"covered":13,"skipped":0,"pct":100}}
,"D:\\workspace\\rag-demo\\desktop\\src\\features\\Settings\\pages\\Evaluation\\types.ts": {"lines":{"total":0,"covered":0,"skipped":0,"pct":0},"functions":{"total":1,"covered":1,"skipped":0,"pct":0},"statements":{"total":0,"covered":0,"skipped":0,"pct":0},"branches":{"total":1,"covered":1,"skipped":0,"pct":0}}
,"D:\\workspace\\rag-demo\\desktop\\src\\features\\Settings\\pages\\Evaluation\\components\\DatasetPreviewDrawer.tsx": {"lines":{"total":92,"covered":0,"skipped":0,"pct":0},"functions":{"total":1,"covered":0,"skipped":0,"pct":0},"statements":{"total":92,"covered":0,"skipped":0,"pct":0},"branches":{"total":1,"covered":0,"skipped":0,"pct":0}}
,"D:\\workspace\\rag-demo\\desktop\\src\\features\\Settings\\pages\\Evaluation\\components\\DetailDrawer.tsx": {"lines":{"total":349,"covered":0,"skipped":0,"pct":0},"functions":{"total":1,"covered":0,"skipped":0,"pct":0},"statements":{"total":349,"covered":0,"skipped":0,"pct":0},"branches":{"total":1,"covered":0,"skipped":0,"pct":0}}
,"D:\\workspace\\rag-demo\\desktop\\src\\features\\Settings\\pages\\Evaluation\\components\\EvaluationCenterToolbar.tsx": {"lines":{"total":49,"covered":0,"skipped":0,"pct":0},"functions":{"total":1,"covered":0,"skipped":0,"pct":0},"statements":{"total":49,"covered":0,"skipped":0,"pct":0},"branches":{"total":1,"covered":0,"skipped":0,"pct":0}}
,"D:\\workspace\\rag-demo\\desktop\\src\\features\\Settings\\pages\\Evaluation\\components\\EvaluationPackageGeneratorModal.tsx": {"lines":{"total":549,"covered":0,"skipped":0,"pct":0},"functions":{"total":1,"covered":0,"skipped":0,"pct":0},"statements":{"total":549,"covered":0,"skipped":0,"pct":0},"branches":{"total":1,"covered":0,"skipped":0,"pct":0}}
,"D:\\workspace\\rag-demo\\desktop\\src\\features\\Settings\\pages\\Evaluation\\components\\EvaluationRunTable.tsx": {"lines":{"total":145,"covered":0,"skipped":0,"pct":0},"functions":{"total":1,"covered":0,"skipped":0,"pct":0},"statements":{"total":145,"covered":0,"skipped":0,"pct":0},"branches":{"total":1,"covered":0,"skipped":0,"pct":0}}
,"D:\\workspace\\rag-demo\\desktop\\src\\features\\Settings\\pages\\Evaluation\\components\\EvaluationWorkbenchConsole.tsx": {"lines":{"total":230,"covered":0,"skipped":0,"pct":0},"functions":{"total":1,"covered":0,"skipped":0,"pct":0},"statements":{"total":230,"covered":0,"skipped":0,"pct":0},"branches":{"total":1,"covered":0,"skipped":0,"pct":0}}
,"D:\\workspace\\rag-demo\\desktop\\src\\features\\Settings\\pages\\Evaluation\\components\\EvaluationWorkbenchHeader.tsx": {"lines":{"total":44,"covered":0,"skipped":0,"pct":0},"functions":{"total":1,"covered":0,"skipped":0,"pct":0},"statements":{"total":44,"covered":0,"skipped":0,"pct":0},"branches":{"total":1,"covered":0,"skipped":0,"pct":0}}
,"D:\\workspace\\rag-demo\\desktop\\src\\features\\Settings\\pages\\Evaluation\\components\\MetricGrid.tsx": {"lines":{"total":58,"covered":0,"skipped":0,"pct":0},"functions":{"total":1,"covered":0,"skipped":0,"pct":0},"statements":{"total":58,"covered":0,"skipped":0,"pct":0},"branches":{"total":1,"covered":0,"skipped":0,"pct":0}}
,"D:\\workspace\\rag-demo\\desktop\\src\\features\\Settings\\pages\\Evaluation\\components\\StatusBadge.tsx": {"lines":{"total":44,"covered":0,"skipped":0,"pct":0},"functions":{"total":1,"covered":0,"skipped":0,"pct":0},"statements":{"total":44,"covered":0,"skipped":0,"pct":0},"branches":{"total":1,"covered":0,"skipped":0,"pct":0}}
,"D:\\workspace\\rag-demo\\desktop\\src\\features\\Settings\\pages\\Evaluation\\components\\ValidationPill.tsx": {"lines":{"total":22,"covered":0,"skipped":0,"pct":0},"functions":{"total":1,"covered":0,"skipped":0,"pct":0},"statements":{"total":22,"covered":0,"skipped":0,"pct":0},"branches":{"total":1,"covered":0,"skipped":0,"pct":0}}
,"D:\\workspace\\rag-demo\\desktop\\src\\features\\Settings\\pages\\Evaluation\\components\\WorkbenchStateBar.tsx": {"lines":{"total":67,"covered":0,"skipped":0,"pct":0},"functions":{"total":1,"covered":0,"skipped":0,"pct":0},"statements":{"total":67,"covered":0,"skipped":0,"pct":0},"branches":{"total":1,"covered":0,"skipped":0,"pct":0}}
,"D:\\workspace\\rag-demo\\desktop\\src\\features\\Settings\\pages\\Evaluation\\pages\\Center\\index.tsx": {"lines":{"total":92,"covered":0,"skipped":0,"pct":0},"functions":{"total":1,"covered":0,"skipped":0,"pct":0},"statements":{"total":92,"covered":0,"skipped":0,"pct":0},"branches":{"total":1,"covered":0,"skipped":0,"pct":0}}
,"D:\\workspace\\rag-demo\\desktop\\src\\features\\Settings\\pages\\Evaluation\\pages\\Center\\hooks\\useEvaluationCenter.ts": {"lines":{"total":219,"covered":0,"skipped":0,"pct":0},"functions":{"total":1,"covered":0,"skipped":0,"pct":0},"statements":{"total":219,"covered":0,"skipped":0,"pct":0},"branches":{"total":1,"covered":0,"skipped":0,"pct":0}}
,"D:\\workspace\\rag-demo\\desktop\\src\\features\\Settings\\pages\\Evaluation\\pages\\New\\index.tsx": {"lines":{"total":209,"covered":0,"skipped":0,"pct":0},"functions":{"total":1,"covered":0,"skipped":0,"pct":0},"statements":{"total":209,"covered":0,"skipped":0,"pct":0},"branches":{"total":1,"covered":0,"skipped":0,"pct":0}}
,"D:\\workspace\\rag-demo\\desktop\\src\\features\\Settings\\pages\\Evaluation\\pages\\New\\hooks\\useEvaluationWorkbench.ts": {"lines":{"total":193,"covered":0,"skipped":0,"pct":0},"functions":{"total":1,"covered":0,"skipped":0,"pct":0},"statements":{"total":193,"covered":0,"skipped":0,"pct":0},"branches":{"total":1,"covered":0,"skipped":0,"pct":0}}
,"D:\\workspace\\rag-demo\\desktop\\src\\features\\Settings\\pages\\Evaluation\\utils\\exportMarkdown.ts": {"lines":{"total":793,"covered":0,"skipped":0,"pct":0},"functions":{"total":1,"covered":0,"skipped":0,"pct":0},"statements":{"total":793,"covered":0,"skipped":0,"pct":0},"branches":{"total":1,"covered":0,"skipped":0,"pct":0}}
,"D:\\workspace\\rag-demo\\desktop\\src\\features\\Settings\\pages\\Evaluation\\utils\\knowledgeBaseLabel.ts": {"lines":{"total":9,"covered":0,"skipped":0,"pct":0},"functions":{"total":1,"covered":0,"skipped":0,"pct":0},"statements":{"total":9,"covered":0,"skipped":0,"pct":0},"branches":{"total":1,"covered":0,"skipped":0,"pct":0}}
,"D:\\workspace\\rag-demo\\desktop\\src\\features\\Settings\\pages\\Evaluation\\utils\\mock.ts": {"lines":{"total":273,"covered":0,"skipped":0,"pct":0},"functions":{"total":1,"covered":1,"skipped":0,"pct":100},"statements":{"total":273,"covered":0,"skipped":0,"pct":0},"branches":{"total":1,"covered":1,"skipped":0,"pct":100}}
,"D:\\workspace\\rag-demo\\desktop\\src\\features\\Settings\\pages\\Evaluation\\utils\\storage.ts": {"lines":{"total":30,"covered":0,"skipped":0,"pct":0},"functions":{"total":1,"covered":1,"skipped":0,"pct":100},"statements":{"total":30,"covered":0,"skipped":0,"pct":0},"branches":{"total":1,"covered":1,"skipped":0,"pct":100}}
,"D:\\workspace\\rag-demo\\desktop\\src\\features\\Settings\\pages\\Evaluation\\utils\\types.ts": {"lines":{"total":0,"covered":0,"skipped":0,"pct":0},"functions":{"total":1,"covered":1,"skipped":0,"pct":0},"statements":{"total":0,"covered":0,"skipped":0,"pct":0},"branches":{"total":1,"covered":1,"skipped":0,"pct":0}}
,"D:\\workspace\\rag-demo\\desktop\\src\\features\\Settings\\pages\\General\\index.tsx": {"lines":{"total":286,"covered":0,"skipped":0,"pct":0},"functions":{"total":1,"covered":0,"skipped":0,"pct":0},"statements":{"total":286,"covered":0,"skipped":0,"pct":0},"branches":{"total":1,"covered":0,"skipped":0,"pct":0}}
,"D:\\workspace\\rag-demo\\desktop\\src\\features\\Settings\\pages\\General\\HealthCheck\\index.tsx": {"lines":{"total":28,"covered":0,"skipped":0,"pct":0},"functions":{"total":1,"covered":0,"skipped":0,"pct":0},"statements":{"total":28,"covered":0,"skipped":0,"pct":0},"branches":{"total":1,"covered":0,"skipped":0,"pct":0}}
,"D:\\workspace\\rag-demo\\desktop\\src\\features\\Settings\\pages\\General\\LogsButtons\\index.tsx": {"lines":{"total":90,"covered":0,"skipped":0,"pct":0},"functions":{"total":1,"covered":0,"skipped":0,"pct":0},"statements":{"total":90,"covered":0,"skipped":0,"pct":0},"branches":{"total":1,"covered":0,"skipped":0,"pct":0}}
,"D:\\workspace\\rag-demo\\desktop\\src\\features\\Settings\\pages\\Integrations\\index.tsx": {"lines":{"total":412,"covered":5,"skipped":0,"pct":1.21},"functions":{"total":5,"covered":0,"skipped":0,"pct":0},"statements":{"total":412,"covered":5,"skipped":0,"pct":1.21},"branches":{"total":0,"covered":0,"skipped":0,"pct":100}}
,"D:\\workspace\\rag-demo\\desktop\\src\\features\\Settings\\pages\\KnowledgeBase\\Add.tsx": {"lines":{"total":1116,"covered":21,"skipped":0,"pct":1.88},"functions":{"total":7,"covered":0,"skipped":0,"pct":0},"statements":{"total":1116,"covered":21,"skipped":0,"pct":1.88},"branches":{"total":0,"covered":0,"skipped":0,"pct":100}}
,"D:\\workspace\\rag-demo\\desktop\\src\\features\\Settings\\pages\\KnowledgeBase\\Detail.tsx": {"lines":{"total":294,"covered":3,"skipped":0,"pct":1.02},"functions":{"total":3,"covered":0,"skipped":0,"pct":0},"statements":{"total":294,"covered":3,"skipped":0,"pct":1.02},"branches":{"total":0,"covered":0,"skipped":0,"pct":100}}
,"D:\\workspace\\rag-demo\\desktop\\src\\features\\Settings\\pages\\KnowledgeBase\\KnowledgeBaseEditorForm.tsx": {"lines":{"total":77,"covered":1,"skipped":0,"pct":1.29},"functions":{"total":1,"covered":0,"skipped":0,"pct":0},"statements":{"total":77,"covered":1,"skipped":0,"pct":1.29},"branches":{"total":0,"covered":0,"skipped":0,"pct":100}}
,"D:\\workspace\\rag-demo\\desktop\\src\\features\\Settings\\pages\\KnowledgeBase\\KnowledgeBaseMetadataContent.tsx": {"lines":{"total":69,"covered":1,"skipped":0,"pct":1.44},"functions":{"total":1,"covered":0,"skipped":0,"pct":0},"statements":{"total":69,"covered":1,"skipped":0,"pct":1.44},"branches":{"total":0,"covered":0,"skipped":0,"pct":100}}
,"D:\\workspace\\rag-demo\\desktop\\src\\features\\Settings\\pages\\KnowledgeBase\\KnowledgeBaseSidebar.tsx": {"lines":{"total":108,"covered":1,"skipped":0,"pct":0.92},"functions":{"total":2,"covered":0,"skipped":0,"pct":0},"statements":{"total":108,"covered":1,"skipped":0,"pct":0.92},"branches":{"total":0,"covered":0,"skipped":0,"pct":100}}
,"D:\\workspace\\rag-demo\\desktop\\src\\features\\Settings\\pages\\KnowledgeBase\\KnowledgeBaseToolbar.tsx": {"lines":{"total":75,"covered":1,"skipped":0,"pct":1.33},"functions":{"total":1,"covered":0,"skipped":0,"pct":0},"statements":{"total":75,"covered":1,"skipped":0,"pct":1.33},"branches":{"total":0,"covered":0,"skipped":0,"pct":100}}
,"D:\\workspace\\rag-demo\\desktop\\src\\features\\Settings\\pages\\KnowledgeBase\\index.tsx": {"lines":{"total":817,"covered":1,"skipped":0,"pct":0.12},"functions":{"total":3,"covered":0,"skipped":0,"pct":0},"statements":{"total":817,"covered":1,"skipped":0,"pct":0.12},"branches":{"total":0,"covered":0,"skipped":0,"pct":100}}
,"D:\\workspace\\rag-demo\\desktop\\src\\features\\Settings\\pages\\KnowledgeBase\\mockData.ts": {"lines":{"total":51,"covered":13,"skipped":0,"pct":25.49},"functions":{"total":2,"covered":0,"skipped":0,"pct":0},"statements":{"total":51,"covered":13,"skipped":0,"pct":25.49},"branches":{"total":0,"covered":0,"skipped":0,"pct":100}}
,"D:\\workspace\\rag-demo\\desktop\\src\\features\\Settings\\pages\\KnowledgeBase\\textSplitter.ts": {"lines":{"total":211,"covered":0,"skipped":0,"pct":0},"functions":{"total":1,"covered":1,"skipped":0,"pct":100},"statements":{"total":211,"covered":0,"skipped":0,"pct":0},"branches":{"total":1,"covered":1,"skipped":0,"pct":100}}
,"D:\\workspace\\rag-demo\\desktop\\src\\features\\Settings\\pages\\KnowledgeBase\\components\\DocumentTable.tsx": {"lines":{"total":238,"covered":229,"skipped":0,"pct":96.21},"functions":{"total":22,"covered":19,"skipped":0,"pct":86.36},"statements":{"total":238,"covered":229,"skipped":0,"pct":96.21},"branches":{"total":36,"covered":29,"skipped":0,"pct":80.55}}
,"D:\\workspace\\rag-demo\\desktop\\src\\features\\Settings\\pages\\KnowledgeBase\\components\\KnowledgeBaseEditorForm.tsx": {"lines":{"total":81,"covered":81,"skipped":0,"pct":100},"functions":{"total":2,"covered":2,"skipped":0,"pct":100},"statements":{"total":81,"covered":81,"skipped":0,"pct":100},"branches":{"total":3,"covered":3,"skipped":0,"pct":100}}
,"D:\\workspace\\rag-demo\\desktop\\src\\features\\Settings\\pages\\KnowledgeBase\\components\\KnowledgeBaseMetadataContent.tsx": {"lines":{"total":75,"covered":75,"skipped":0,"pct":100},"functions":{"total":1,"covered":1,"skipped":0,"pct":100},"statements":{"total":75,"covered":75,"skipped":0,"pct":100},"branches":{"total":10,"covered":10,"skipped":0,"pct":100}}
,"D:\\workspace\\rag-demo\\desktop\\src\\features\\Settings\\pages\\KnowledgeBase\\components\\KnowledgeBaseSidebar.tsx": {"lines":{"total":112,"covered":107,"skipped":0,"pct":95.53},"functions":{"total":5,"covered":5,"skipped":0,"pct":100},"statements":{"total":112,"covered":107,"skipped":0,"pct":95.53},"branches":{"total":22,"covered":19,"skipped":0,"pct":86.36}}
,"D:\\workspace\\rag-demo\\desktop\\src\\features\\Settings\\pages\\KnowledgeBase\\components\\KnowledgeBaseToolbar.tsx": {"lines":{"total":75,"covered":75,"skipped":0,"pct":100},"functions":{"total":2,"covered":2,"skipped":0,"pct":100},"statements":{"total":75,"covered":75,"skipped":0,"pct":100},"branches":{"total":7,"covered":7,"skipped":0,"pct":100}}
,"D:\\workspace\\rag-demo\\desktop\\src\\features\\Settings\\pages\\KnowledgeBase\\components\\add\\ChunkSettingsStep.tsx": {"lines":{"total":381,"covered":280,"skipped":0,"pct":73.49},"functions":{"total":17,"covered":4,"skipped":0,"pct":23.52},"statements":{"total":381,"covered":280,"skipped":0,"pct":73.49},"branches":{"total":16,"covered":11,"skipped":0,"pct":68.75}}
,"D:\\workspace\\rag-demo\\desktop\\src\\features\\Settings\\pages\\KnowledgeBase\\components\\add\\FieldHelpLabel.tsx": {"lines":{"total":12,"covered":12,"skipped":0,"pct":100},"functions":{"total":1,"covered":1,"skipped":0,"pct":100},"statements":{"total":12,"covered":12,"skipped":0,"pct":100},"branches":{"total":1,"covered":1,"skipped":0,"pct":100}}
,"D:\\workspace\\rag-demo\\desktop\\src\\features\\Settings\\pages\\KnowledgeBase\\components\\add\\FileUploadStep.tsx": {"lines":{"total":80,"covered":80,"skipped":0,"pct":100},"functions":{"total":4,"covered":2,"skipped":0,"pct":50},"statements":{"total":80,"covered":80,"skipped":0,"pct":100},"branches":{"total":7,"covered":6,"skipped":0,"pct":85.71}}
,"D:\\workspace\\rag-demo\\desktop\\src\\features\\Settings\\pages\\KnowledgeBase\\components\\add\\ModelAccessStatusPill.tsx": {"lines":{"total":14,"covered":14,"skipped":0,"pct":100},"functions":{"total":1,"covered":1,"skipped":0,"pct":100},"statements":{"total":14,"covered":14,"skipped":0,"pct":100},"branches":{"total":5,"covered":5,"skipped":0,"pct":100}}
,"D:\\workspace\\rag-demo\\desktop\\src\\features\\Settings\\pages\\KnowledgeBase\\components\\add\\ModelStatusCard.tsx": {"lines":{"total":46,"covered":46,"skipped":0,"pct":100},"functions":{"total":1,"covered":1,"skipped":0,"pct":100},"statements":{"total":46,"covered":46,"skipped":0,"pct":100},"branches":{"total":14,"covered":14,"skipped":0,"pct":100}}
,"D:\\workspace\\rag-demo\\desktop\\src\\features\\Settings\\pages\\KnowledgeBase\\components\\add\\PreviewPanel.tsx": {"lines":{"total":73,"covered":73,"skipped":0,"pct":100},"functions":{"total":1,"covered":1,"skipped":0,"pct":100},"statements":{"total":73,"covered":73,"skipped":0,"pct":100},"branches":{"total":9,"covered":9,"skipped":0,"pct":100}}
,"D:\\workspace\\rag-demo\\desktop\\src\\features\\Settings\\pages\\KnowledgeBase\\components\\add\\ProcessingStep.tsx": {"lines":{"total":170,"covered":169,"skipped":0,"pct":99.41},"functions":{"total":3,"covered":2,"skipped":0,"pct":66.66},"statements":{"total":170,"covered":169,"skipped":0,"pct":99.41},"branches":{"total":17,"covered":16,"skipped":0,"pct":94.11}}
,"D:\\workspace\\rag-demo\\desktop\\src\\features\\Settings\\pages\\KnowledgeBase\\components\\add\\SwitchField.tsx": {"lines":{"total":21,"covered":21,"skipped":0,"pct":100},"functions":{"total":1,"covered":1,"skipped":0,"pct":100},"statements":{"total":21,"covered":21,"skipped":0,"pct":100},"branches":{"total":1,"covered":1,"skipped":0,"pct":100}}
,"D:\\workspace\\rag-demo\\desktop\\src\\features\\Settings\\pages\\KnowledgeBase\\components\\detail\\DetailField.tsx": {"lines":{"total":17,"covered":17,"skipped":0,"pct":100},"functions":{"total":1,"covered":1,"skipped":0,"pct":100},"statements":{"total":17,"covered":17,"skipped":0,"pct":100},"branches":{"total":1,"covered":1,"skipped":0,"pct":100}}
,"D:\\workspace\\rag-demo\\desktop\\src\\features\\Settings\\pages\\KnowledgeBase\\hooks\\useAddWizard.ts": {"lines":{"total":372,"covered":32,"skipped":0,"pct":8.6},"functions":{"total":3,"covered":2,"skipped":0,"pct":66.66},"statements":{"total":372,"covered":32,"skipped":0,"pct":8.6},"branches":{"total":7,"covered":7,"skipped":0,"pct":100}}
,"D:\\workspace\\rag-demo\\desktop\\src\\features\\Settings\\pages\\KnowledgeBase\\hooks\\useKnowledgeBase.ts": {"lines":{"total":316,"covered":252,"skipped":0,"pct":79.74},"functions":{"total":3,"covered":3,"skipped":0,"pct":100},"statements":{"total":316,"covered":252,"skipped":0,"pct":79.74},"branches":{"total":70,"covered":60,"skipped":0,"pct":85.71}}
,"D:\\workspace\\rag-demo\\desktop\\src\\features\\Settings\\pages\\KnowledgeBase\\pages\\index.tsx": {"lines":{"total":437,"covered":144,"skipped":0,"pct":32.95},"functions":{"total":10,"covered":1,"skipped":0,"pct":10},"statements":{"total":437,"covered":144,"skipped":0,"pct":32.95},"branches":{"total":9,"covered":3,"skipped":0,"pct":33.33}}
,"D:\\workspace\\rag-demo\\desktop\\src\\features\\Settings\\pages\\KnowledgeBase\\pages\\Add\\index.tsx": {"lines":{"total":125,"covered":89,"skipped":0,"pct":71.2},"functions":{"total":6,"covered":1,"skipped":0,"pct":16.66},"statements":{"total":125,"covered":89,"skipped":0,"pct":71.2},"branches":{"total":10,"covered":3,"skipped":0,"pct":30}}
,"D:\\workspace\\rag-demo\\desktop\\src\\features\\Settings\\pages\\KnowledgeBase\\pages\\Detail\\index.tsx": {"lines":{"total":260,"covered":240,"skipped":0,"pct":92.3},"functions":{"total":4,"covered":2,"skipped":0,"pct":50},"statements":{"total":260,"covered":240,"skipped":0,"pct":92.3},"branches":{"total":30,"covered":23,"skipped":0,"pct":76.66}}
,"D:\\workspace\\rag-demo\\desktop\\src\\features\\Settings\\pages\\KnowledgeBase\\utils\\documentPreview.ts": {"lines":{"total":23,"covered":21,"skipped":0,"pct":91.3},"functions":{"total":1,"covered":1,"skipped":0,"pct":100},"statements":{"total":23,"covered":21,"skipped":0,"pct":91.3},"branches":{"total":10,"covered":9,"skipped":0,"pct":90}}
,"D:\\workspace\\rag-demo\\desktop\\src\\features\\Settings\\pages\\KnowledgeBase\\utils\\mockData.ts": {"lines":{"total":48,"covered":48,"skipped":0,"pct":100},"functions":{"total":2,"covered":2,"skipped":0,"pct":100},"statements":{"total":48,"covered":48,"skipped":0,"pct":100},"branches":{"total":7,"covered":7,"skipped":0,"pct":100}}
,"D:\\workspace\\rag-demo\\desktop\\src\\features\\Settings\\pages\\KnowledgeBase\\utils\\textSplitter.ts": {"lines":{"total":211,"covered":176,"skipped":0,"pct":83.41},"functions":{"total":12,"covered":11,"skipped":0,"pct":91.66},"statements":{"total":211,"covered":176,"skipped":0,"pct":83.41},"branches":{"total":60,"covered":45,"skipped":0,"pct":75}}
,"D:\\workspace\\rag-demo\\desktop\\src\\features\\Settings\\pages\\Mcp\\index.tsx": {"lines":{"total":674,"covered":421,"skipped":0,"pct":62.46},"functions":{"total":25,"covered":11,"skipped":0,"pct":44},"statements":{"total":674,"covered":421,"skipped":0,"pct":62.46},"branches":{"total":70,"covered":40,"skipped":0,"pct":57.14}}
,"D:\\workspace\\rag-demo\\desktop\\src\\features\\Settings\\pages\\Mcp\\components\\McpConfigModalContent.tsx": {"lines":{"total":236,"covered":217,"skipped":0,"pct":91.94},"functions":{"total":13,"covered":9,"skipped":0,"pct":69.23},"statements":{"total":236,"covered":217,"skipped":0,"pct":91.94},"branches":{"total":91,"covered":87,"skipped":0,"pct":95.6}}
,"D:\\workspace\\rag-demo\\desktop\\src\\features\\Settings\\pages\\Mcp\\components\\McpGuideDrawer.tsx": {"lines":{"total":78,"covered":63,"skipped":0,"pct":80.76},"functions":{"total":2,"covered":1,"skipped":0,"pct":50},"statements":{"total":78,"covered":63,"skipped":0,"pct":80.76},"branches":{"total":1,"covered":1,"skipped":0,"pct":100}}
,"D:\\workspace\\rag-demo\\desktop\\src\\features\\Settings\\pages\\Mcp\\components\\McpInstalledServersPanel.tsx": {"lines":{"total":194,"covered":140,"skipped":0,"pct":72.16},"functions":{"total":6,"covered":4,"skipped":0,"pct":66.66},"statements":{"total":194,"covered":140,"skipped":0,"pct":72.16},"branches":{"total":29,"covered":14,"skipped":0,"pct":48.27}}
,"D:\\workspace\\rag-demo\\desktop\\src\\features\\Settings\\pages\\Mcp\\components\\McpMarketplacePanel.tsx": {"lines":{"total":140,"covered":123,"skipped":0,"pct":87.85},"functions":{"total":4,"covered":4,"skipped":0,"pct":100},"statements":{"total":140,"covered":123,"skipped":0,"pct":87.85},"branches":{"total":39,"covered":28,"skipped":0,"pct":71.79}}
,"D:\\workspace\\rag-demo\\desktop\\src\\features\\Settings\\pages\\ModelSetting\\index.tsx": {"lines":{"total":69,"covered":68,"skipped":0,"pct":98.55},"functions":{"total":6,"covered":5,"skipped":0,"pct":83.33},"statements":{"total":69,"covered":68,"skipped":0,"pct":98.55},"branches":{"total":8,"covered":6,"skipped":0,"pct":75}}
,"D:\\workspace\\rag-demo\\desktop\\src\\features\\Settings\\pages\\Personas\\constants.ts": {"lines":{"total":109,"covered":21,"skipped":0,"pct":19.26},"functions":{"total":2,"covered":0,"skipped":0,"pct":0},"statements":{"total":109,"covered":21,"skipped":0,"pct":19.26},"branches":{"total":0,"covered":0,"skipped":0,"pct":100}}
,"D:\\workspace\\rag-demo\\desktop\\src\\features\\Settings\\pages\\Personas\\index.tsx": {"lines":{"total":138,"covered":0,"skipped":0,"pct":0},"functions":{"total":1,"covered":0,"skipped":0,"pct":0},"statements":{"total":138,"covered":0,"skipped":0,"pct":0},"branches":{"total":1,"covered":0,"skipped":0,"pct":0}}
,"D:\\workspace\\rag-demo\\desktop\\src\\features\\Settings\\pages\\Personas\\types.ts": {"lines":{"total":0,"covered":0,"skipped":0,"pct":0},"functions":{"total":1,"covered":1,"skipped":0,"pct":0},"statements":{"total":0,"covered":0,"skipped":0,"pct":0},"branches":{"total":1,"covered":1,"skipped":0,"pct":0}}
,"D:\\workspace\\rag-demo\\desktop\\src\\features\\Settings\\pages\\Personas\\utils.ts": {"lines":{"total":163,"covered":117,"skipped":0,"pct":71.77},"functions":{"total":11,"covered":5,"skipped":0,"pct":45.45},"statements":{"total":163,"covered":117,"skipped":0,"pct":71.77},"branches":{"total":33,"covered":28,"skipped":0,"pct":84.84}}
,"D:\\workspace\\rag-demo\\desktop\\src\\features\\Settings\\pages\\Personas\\components\\RoleAvatar.tsx": {"lines":{"total":21,"covered":0,"skipped":0,"pct":0},"functions":{"total":1,"covered":0,"skipped":0,"pct":0},"statements":{"total":21,"covered":0,"skipped":0,"pct":0},"branches":{"total":1,"covered":0,"skipped":0,"pct":0}}
,"D:\\workspace\\rag-demo\\desktop\\src\\features\\Settings\\pages\\Personas\\components\\RoleCard.tsx": {"lines":{"total":51,"covered":0,"skipped":0,"pct":0},"functions":{"total":1,"covered":0,"skipped":0,"pct":0},"statements":{"total":51,"covered":0,"skipped":0,"pct":0},"branches":{"total":1,"covered":0,"skipped":0,"pct":0}}
,"D:\\workspace\\rag-demo\\desktop\\src\\features\\Settings\\pages\\Personas\\components\\RoleEditor.tsx": {"lines":{"total":173,"covered":0,"skipped":0,"pct":0},"functions":{"total":1,"covered":0,"skipped":0,"pct":0},"statements":{"total":173,"covered":0,"skipped":0,"pct":0},"branches":{"total":1,"covered":0,"skipped":0,"pct":0}}
,"D:\\workspace\\rag-demo\\desktop\\src\\features\\Settings\\pages\\Personas\\components\\RoleFieldDrawer.tsx": {"lines":{"total":91,"covered":0,"skipped":0,"pct":0},"functions":{"total":1,"covered":0,"skipped":0,"pct":0},"statements":{"total":91,"covered":0,"skipped":0,"pct":0},"branches":{"total":1,"covered":0,"skipped":0,"pct":0}}
,"D:\\workspace\\rag-demo\\desktop\\src\\features\\Settings\\pages\\Personas\\components\\RoleList.tsx": {"lines":{"total":45,"covered":0,"skipped":0,"pct":0},"functions":{"total":1,"covered":0,"skipped":0,"pct":0},"statements":{"total":45,"covered":0,"skipped":0,"pct":0},"branches":{"total":1,"covered":0,"skipped":0,"pct":0}}
,"D:\\workspace\\rag-demo\\desktop\\src\\features\\Settings\\pages\\Personas\\components\\RoleLlmProfileCard.tsx": {"lines":{"total":35,"covered":35,"skipped":0,"pct":100},"functions":{"total":1,"covered":1,"skipped":0,"pct":100},"statements":{"total":35,"covered":35,"skipped":0,"pct":100},"branches":{"total":1,"covered":1,"skipped":0,"pct":100}}
,"D:\\workspace\\rag-demo\\desktop\\src\\features\\Settings\\pages\\Personas\\components\\RoleLlmProfileDrawer.tsx": {"lines":{"total":70,"covered":70,"skipped":0,"pct":100},"functions":{"total":3,"covered":3,"skipped":0,"pct":100},"statements":{"total":70,"covered":70,"skipped":0,"pct":100},"branches":{"total":6,"covered":6,"skipped":0,"pct":100}}
,"D:\\workspace\\rag-demo\\desktop\\src\\features\\Settings\\pages\\Personas\\components\\RolePreviewChat.tsx": {"lines":{"total":43,"covered":43,"skipped":0,"pct":100},"functions":{"total":1,"covered":1,"skipped":0,"pct":100},"statements":{"total":43,"covered":43,"skipped":0,"pct":100},"branches":{"total":2,"covered":1,"skipped":0,"pct":50}}
,"D:\\workspace\\rag-demo\\desktop\\src\\features\\Settings\\pages\\Personas\\components\\RolePreviewDrawer.tsx": {"lines":{"total":87,"covered":0,"skipped":0,"pct":0},"functions":{"total":1,"covered":0,"skipped":0,"pct":0},"statements":{"total":87,"covered":0,"skipped":0,"pct":0},"branches":{"total":1,"covered":0,"skipped":0,"pct":0}}
,"D:\\workspace\\rag-demo\\desktop\\src\\features\\Settings\\pages\\Personas\\components\\RoleSectionTitle.tsx": {"lines":{"total":17,"covered":0,"skipped":0,"pct":0},"functions":{"total":1,"covered":0,"skipped":0,"pct":0},"statements":{"total":17,"covered":0,"skipped":0,"pct":0},"branches":{"total":1,"covered":0,"skipped":0,"pct":0}}
,"D:\\workspace\\rag-demo\\desktop\\src\\features\\Settings\\pages\\Personas\\hooks\\useRoles.ts": {"lines":{"total":454,"covered":312,"skipped":0,"pct":68.72},"functions":{"total":8,"covered":4,"skipped":0,"pct":50},"statements":{"total":454,"covered":312,"skipped":0,"pct":68.72},"branches":{"total":61,"covered":52,"skipped":0,"pct":85.24}}
,"D:\\workspace\\rag-demo\\desktop\\src\\features\\Settings\\pages\\Personas\\i18n\\en-US.ts": {"lines":{"total":380,"covered":380,"skipped":0,"pct":100},"functions":{"total":0,"covered":0,"skipped":0,"pct":100},"statements":{"total":380,"covered":380,"skipped":0,"pct":100},"branches":{"total":0,"covered":0,"skipped":0,"pct":100}}
,"D:\\workspace\\rag-demo\\desktop\\src\\features\\Settings\\pages\\Personas\\i18n\\index.ts": {"lines":{"total":5,"covered":5,"skipped":0,"pct":100},"functions":{"total":0,"covered":0,"skipped":0,"pct":100},"statements":{"total":5,"covered":5,"skipped":0,"pct":100},"branches":{"total":0,"covered":0,"skipped":0,"pct":100}}
,"D:\\workspace\\rag-demo\\desktop\\src\\features\\Settings\\pages\\Personas\\i18n\\useRoleTranslation.ts": {"lines":{"total":5,"covered":5,"skipped":0,"pct":100},"functions":{"total":1,"covered":1,"skipped":0,"pct":100},"statements":{"total":5,"covered":5,"skipped":0,"pct":100},"branches":{"total":1,"covered":1,"skipped":0,"pct":100}}
,"D:\\workspace\\rag-demo\\desktop\\src\\features\\Settings\\pages\\Personas\\i18n\\zh-CN.ts": {"lines":{"total":360,"covered":360,"skipped":0,"pct":100},"functions":{"total":0,"covered":0,"skipped":0,"pct":100},"statements":{"total":360,"covered":360,"skipped":0,"pct":100},"branches":{"total":0,"covered":0,"skipped":0,"pct":100}}
,"D:\\workspace\\rag-demo\\desktop\\src\\features\\Settings\\pages\\Tools\\index.tsx": {"lines":{"total":213,"covered":0,"skipped":0,"pct":0},"functions":{"total":1,"covered":0,"skipped":0,"pct":0},"statements":{"total":213,"covered":0,"skipped":0,"pct":0},"branches":{"total":1,"covered":0,"skipped":0,"pct":0}}
,"D:\\workspace\\rag-demo\\desktop\\src\\features\\Settings\\pages\\Tools\\types.ts": {"lines":{"total":0,"covered":0,"skipped":0,"pct":0},"functions":{"total":1,"covered":1,"skipped":0,"pct":0},"statements":{"total":0,"covered":0,"skipped":0,"pct":0},"branches":{"total":1,"covered":1,"skipped":0,"pct":0}}
,"D:\\workspace\\rag-demo\\desktop\\src\\features\\Settings\\pages\\Tools\\utils.ts": {"lines":{"total":84,"covered":74,"skipped":0,"pct":88.09},"functions":{"total":4,"covered":4,"skipped":0,"pct":100},"statements":{"total":84,"covered":74,"skipped":0,"pct":88.09},"branches":{"total":55,"covered":44,"skipped":0,"pct":80}}
,"D:\\workspace\\rag-demo\\desktop\\src\\features\\Settings\\pages\\Tools\\components\\ToolsPackagePanel.tsx": {"lines":{"total":111,"covered":0,"skipped":0,"pct":0},"functions":{"total":1,"covered":0,"skipped":0,"pct":0},"statements":{"total":111,"covered":0,"skipped":0,"pct":0},"branches":{"total":1,"covered":0,"skipped":0,"pct":0}}
,"D:\\workspace\\rag-demo\\desktop\\src\\features\\Settings\\pages\\Tools\\components\\ToolsSidebar.tsx": {"lines":{"total":47,"covered":0,"skipped":0,"pct":0},"functions":{"total":1,"covered":0,"skipped":0,"pct":0},"statements":{"total":47,"covered":0,"skipped":0,"pct":0},"branches":{"total":1,"covered":0,"skipped":0,"pct":0}}
,"D:\\workspace\\rag-demo\\desktop\\src\\features\\Settings\\pages\\Tools\\components\\ToolsTracePanel.tsx": {"lines":{"total":110,"covered":0,"skipped":0,"pct":0},"functions":{"total":1,"covered":0,"skipped":0,"pct":0},"statements":{"total":110,"covered":0,"skipped":0,"pct":0},"branches":{"total":1,"covered":0,"skipped":0,"pct":0}}
,"D:\\workspace\\rag-demo\\desktop\\src\\features\\Settings\\pages\\Tools\\components\\ToolsWorkbenchPanel.tsx": {"lines":{"total":44,"covered":0,"skipped":0,"pct":0},"functions":{"total":1,"covered":0,"skipped":0,"pct":0},"statements":{"total":44,"covered":0,"skipped":0,"pct":0},"branches":{"total":1,"covered":0,"skipped":0,"pct":0}}
,"D:\\workspace\\rag-demo\\desktop\\src\\features\\Settings\\pages\\Tools\\hooks\\useToolsWorkbench.ts": {"lines":{"total":296,"covered":214,"skipped":0,"pct":72.29},"functions":{"total":12,"covered":9,"skipped":0,"pct":75},"statements":{"total":296,"covered":214,"skipped":0,"pct":72.29},"branches":{"total":46,"covered":30,"skipped":0,"pct":65.21}}
,"D:\\workspace\\rag-demo\\desktop\\src\\features\\auth\\pages\\LoginPage.tsx": {"lines":{"total":364,"covered":0,"skipped":0,"pct":0},"functions":{"total":1,"covered":0,"skipped":0,"pct":0},"statements":{"total":364,"covered":0,"skipped":0,"pct":0},"branches":{"total":1,"covered":0,"skipped":0,"pct":0}}
,"D:\\workspace\\rag-demo\\desktop\\src\\features\\chat\\components\\ThreadContextSummaryModalContent.tsx": {"lines":{"total":137,"covered":0,"skipped":0,"pct":0},"functions":{"total":1,"covered":0,"skipped":0,"pct":0},"statements":{"total":137,"covered":0,"skipped":0,"pct":0},"branches":{"total":1,"covered":0,"skipped":0,"pct":0}}
,"D:\\workspace\\rag-demo\\desktop\\src\\features\\chat\\components\\UChatSidebarToolsModal.tsx": {"lines":{"total":113,"covered":103,"skipped":0,"pct":91.15},"functions":{"total":4,"covered":3,"skipped":0,"pct":75},"statements":{"total":113,"covered":103,"skipped":0,"pct":91.15},"branches":{"total":22,"covered":17,"skipped":0,"pct":77.27}}
,"D:\\workspace\\rag-demo\\desktop\\src\\features\\chat\\components\\UChatThread.tsx": {"lines":{"total":451,"covered":0,"skipped":0,"pct":0},"functions":{"total":1,"covered":0,"skipped":0,"pct":0},"statements":{"total":451,"covered":0,"skipped":0,"pct":0},"branches":{"total":1,"covered":0,"skipped":0,"pct":0}}
,"D:\\workspace\\rag-demo\\desktop\\src\\features\\chat\\components\\UChatThreadListSidebar.tsx": {"lines":{"total":191,"covered":126,"skipped":0,"pct":65.96},"functions":{"total":18,"covered":3,"skipped":0,"pct":16.66},"statements":{"total":191,"covered":126,"skipped":0,"pct":65.96},"branches":{"total":14,"covered":13,"skipped":0,"pct":92.85}}
,"D:\\workspace\\rag-demo\\desktop\\src\\features\\chat\\components\\roleChatState.ts": {"lines":{"total":62,"covered":61,"skipped":0,"pct":98.38},"functions":{"total":5,"covered":5,"skipped":0,"pct":100},"statements":{"total":62,"covered":61,"skipped":0,"pct":98.38},"branches":{"total":17,"covered":13,"skipped":0,"pct":76.47}}
,"D:\\workspace\\rag-demo\\desktop\\src\\features\\chat\\core\\composerPolicy.ts": {"lines":{"total":23,"covered":0,"skipped":0,"pct":0},"functions":{"total":1,"covered":0,"skipped":0,"pct":0},"statements":{"total":23,"covered":0,"skipped":0,"pct":0},"branches":{"total":1,"covered":0,"skipped":0,"pct":0}}
,"D:\\workspace\\rag-demo\\desktop\\src\\features\\chat\\core\\knowledgeBaseState.tsx": {"lines":{"total":39,"covered":0,"skipped":0,"pct":0},"functions":{"total":1,"covered":0,"skipped":0,"pct":0},"statements":{"total":39,"covered":0,"skipped":0,"pct":0},"branches":{"total":1,"covered":0,"skipped":0,"pct":0}}
,"D:\\workspace\\rag-demo\\desktop\\src\\features\\chat\\core\\protocol.ts": {"lines":{"total":520,"covered":149,"skipped":0,"pct":28.65},"functions":{"total":21,"covered":3,"skipped":0,"pct":14.28},"statements":{"total":520,"covered":149,"skipped":0,"pct":28.65},"branches":{"total":41,"covered":19,"skipped":0,"pct":46.34}}
,"D:\\workspace\\rag-demo\\desktop\\src\\features\\chat\\core\\runtime.tsx": {"lines":{"total":140,"covered":0,"skipped":0,"pct":0},"functions":{"total":1,"covered":0,"skipped":0,"pct":0},"statements":{"total":140,"covered":0,"skipped":0,"pct":0},"branches":{"total":1,"covered":0,"skipped":0,"pct":0}}
,"D:\\workspace\\rag-demo\\desktop\\src\\features\\chat\\core\\runtimePolicies.ts": {"lines":{"total":91,"covered":91,"skipped":0,"pct":100},"functions":{"total":3,"covered":3,"skipped":0,"pct":100},"statements":{"total":91,"covered":91,"skipped":0,"pct":100},"branches":{"total":10,"covered":9,"skipped":0,"pct":90}}
,"D:\\workspace\\rag-demo\\desktop\\src\\features\\chat\\i18n\\en-US.ts": {"lines":{"total":272,"covered":272,"skipped":0,"pct":100},"functions":{"total":0,"covered":0,"skipped":0,"pct":100},"statements":{"total":272,"covered":272,"skipped":0,"pct":100},"branches":{"total":0,"covered":0,"skipped":0,"pct":100}}
,"D:\\workspace\\rag-demo\\desktop\\src\\features\\chat\\i18n\\zh-CN.ts": {"lines":{"total":263,"covered":263,"skipped":0,"pct":100},"functions":{"total":0,"covered":0,"skipped":0,"pct":100},"statements":{"total":263,"covered":263,"skipped":0,"pct":100},"branches":{"total":0,"covered":0,"skipped":0,"pct":100}}
,"D:\\workspace\\rag-demo\\desktop\\src\\features\\dashboard\\i18n\\en-US.ts": {"lines":{"total":17,"covered":17,"skipped":0,"pct":100},"functions":{"total":0,"covered":0,"skipped":0,"pct":100},"statements":{"total":17,"covered":17,"skipped":0,"pct":100},"branches":{"total":0,"covered":0,"skipped":0,"pct":100}}
,"D:\\workspace\\rag-demo\\desktop\\src\\features\\dashboard\\i18n\\zh-CN.ts": {"lines":{"total":16,"covered":16,"skipped":0,"pct":100},"functions":{"total":0,"covered":0,"skipped":0,"pct":100},"statements":{"total":16,"covered":16,"skipped":0,"pct":100},"branches":{"total":0,"covered":0,"skipped":0,"pct":100}}
,"D:\\workspace\\rag-demo\\desktop\\src\\features\\dashboard\\pages\\HomePage.tsx": {"lines":{"total":149,"covered":0,"skipped":0,"pct":0},"functions":{"total":1,"covered":0,"skipped":0,"pct":0},"statements":{"total":149,"covered":0,"skipped":0,"pct":0},"branches":{"total":1,"covered":0,"skipped":0,"pct":0}}
,"D:\\workspace\\rag-demo\\desktop\\src\\features\\system\\hooks\\useRuntimeHealth.ts": {"lines":{"total":153,"covered":43,"skipped":0,"pct":28.1},"functions":{"total":11,"covered":2,"skipped":0,"pct":18.18},"statements":{"total":153,"covered":43,"skipped":0,"pct":28.1},"branches":{"total":5,"covered":2,"skipped":0,"pct":40}}
,"D:\\workspace\\rag-demo\\desktop\\src\\shared\\appMeta.ts": {"lines":{"total":16,"covered":14,"skipped":0,"pct":87.5},"functions":{"total":0,"covered":0,"skipped":0,"pct":100},"statements":{"total":16,"covered":14,"skipped":0,"pct":87.5},"branches":{"total":9,"covered":0,"skipped":0,"pct":0}}
,"D:\\workspace\\rag-demo\\desktop\\src\\shared\\github.ts": {"lines":{"total":27,"covered":19,"skipped":0,"pct":70.37},"functions":{"total":2,"covered":2,"skipped":0,"pct":100},"statements":{"total":27,"covered":19,"skipped":0,"pct":70.37},"branches":{"total":8,"covered":2,"skipped":0,"pct":25}}
,"D:\\workspace\\rag-demo\\desktop\\src\\shared\\providerCatalog.ts": {"lines":{"total":17,"covered":16,"skipped":0,"pct":94.11},"functions":{"total":1,"covered":0,"skipped":0,"pct":0},"statements":{"total":17,"covered":16,"skipped":0,"pct":94.11},"branches":{"total":0,"covered":0,"skipped":0,"pct":100}}
,"D:\\workspace\\rag-demo\\desktop\\src\\shared\\api\\attachments.ts": {"lines":{"total":30,"covered":4,"skipped":0,"pct":13.33},"functions":{"total":4,"covered":0,"skipped":0,"pct":0},"statements":{"total":30,"covered":4,"skipped":0,"pct":13.33},"branches":{"total":0,"covered":0,"skipped":0,"pct":100}}
,"D:\\workspace\\rag-demo\\desktop\\src\\shared\\api\\auth.ts": {"lines":{"total":14,"covered":1,"skipped":0,"pct":7.14},"functions":{"total":3,"covered":0,"skipped":0,"pct":0},"statements":{"total":14,"covered":1,"skipped":0,"pct":7.14},"branches":{"total":0,"covered":0,"skipped":0,"pct":100}}
,"D:\\workspace\\rag-demo\\desktop\\src\\shared\\api\\chat.ts": {"lines":{"total":72,"covered":0,"skipped":0,"pct":0},"functions":{"total":1,"covered":0,"skipped":0,"pct":0},"statements":{"total":72,"covered":0,"skipped":0,"pct":0},"branches":{"total":1,"covered":0,"skipped":0,"pct":0}}
,"D:\\workspace\\rag-demo\\desktop\\src\\shared\\api\\chatRag.ts": {"lines":{"total":6,"covered":0,"skipped":0,"pct":0},"functions":{"total":1,"covered":0,"skipped":0,"pct":0},"statements":{"total":6,"covered":0,"skipped":0,"pct":0},"branches":{"total":1,"covered":0,"skipped":0,"pct":0}}
,"D:\\workspace\\rag-demo\\desktop\\src\\shared\\api\\evaluation.ts": {"lines":{"total":80,"covered":1,"skipped":0,"pct":1.25},"functions":{"total":7,"covered":0,"skipped":0,"pct":0},"statements":{"total":80,"covered":1,"skipped":0,"pct":1.25},"branches":{"total":0,"covered":0,"skipped":0,"pct":100}}
,"D:\\workspace\\rag-demo\\desktop\\src\\shared\\api\\index.ts": {"lines":{"total":6,"covered":0,"skipped":0,"pct":0},"functions":{"total":1,"covered":0,"skipped":0,"pct":0},"statements":{"total":6,"covered":0,"skipped":0,"pct":0},"branches":{"total":1,"covered":0,"skipped":0,"pct":0}}
,"D:\\workspace\\rag-demo\\desktop\\src\\shared\\api\\integrations.ts": {"lines":{"total":90,"covered":15,"skipped":0,"pct":16.66},"functions":{"total":14,"covered":0,"skipped":0,"pct":0},"statements":{"total":90,"covered":15,"skipped":0,"pct":16.66},"branches":{"total":0,"covered":0,"skipped":0,"pct":100}}
,"D:\\workspace\\rag-demo\\desktop\\src\\shared\\api\\knowledgeBase.ts": {"lines":{"total":213,"covered":1,"skipped":0,"pct":0.46},"functions":{"total":15,"covered":0,"skipped":0,"pct":0},"statements":{"total":213,"covered":1,"skipped":0,"pct":0.46},"branches":{"total":0,"covered":0,"skipped":0,"pct":100}}
,"D:\\workspace\\rag-demo\\desktop\\src\\shared\\api\\logs.ts": {"lines":{"total":89,"covered":57,"skipped":0,"pct":64.04},"functions":{"total":4,"covered":2,"skipped":0,"pct":50},"statements":{"total":89,"covered":57,"skipped":0,"pct":64.04},"branches":{"total":17,"covered":8,"skipped":0,"pct":47.05}}
,"D:\\workspace\\rag-demo\\desktop\\src\\shared\\api\\modelSettings.ts": {"lines":{"total":45,"covered":1,"skipped":0,"pct":2.22},"functions":{"total":8,"covered":0,"skipped":0,"pct":0},"statements":{"total":45,"covered":1,"skipped":0,"pct":2.22},"branches":{"total":0,"covered":0,"skipped":0,"pct":100}}
,"D:\\workspace\\rag-demo\\desktop\\src\\shared\\api\\roles.ts": {"lines":{"total":25,"covered":0,"skipped":0,"pct":0},"functions":{"total":1,"covered":0,"skipped":0,"pct":0},"statements":{"total":25,"covered":0,"skipped":0,"pct":0},"branches":{"total":1,"covered":0,"skipped":0,"pct":0}}
,"D:\\workspace\\rag-demo\\desktop\\src\\shared\\api\\system.ts": {"lines":{"total":10,"covered":4,"skipped":0,"pct":40},"functions":{"total":3,"covered":0,"skipped":0,"pct":0},"statements":{"total":10,"covered":4,"skipped":0,"pct":40},"branches":{"total":0,"covered":0,"skipped":0,"pct":100}}
,"D:\\workspace\\rag-demo\\desktop\\src\\shared\\api\\thread.ts": {"lines":{"total":68,"covered":1,"skipped":0,"pct":1.47},"functions":{"total":15,"covered":0,"skipped":0,"pct":0},"statements":{"total":68,"covered":1,"skipped":0,"pct":1.47},"branches":{"total":0,"covered":0,"skipped":0,"pct":100}}
,"D:\\workspace\\rag-demo\\desktop\\src\\shared\\api\\tools.ts": {"lines":{"total":143,"covered":0,"skipped":0,"pct":0},"functions":{"total":1,"covered":0,"skipped":0,"pct":0},"statements":{"total":143,"covered":0,"skipped":0,"pct":0},"branches":{"total":1,"covered":0,"skipped":0,"pct":0}}
,"D:\\workspace\\rag-demo\\desktop\\src\\shared\\api\\wecom.ts": {"lines":{"total":40,"covered":0,"skipped":0,"pct":0},"functions":{"total":1,"covered":0,"skipped":0,"pct":0},"statements":{"total":40,"covered":0,"skipped":0,"pct":0},"branches":{"total":1,"covered":0,"skipped":0,"pct":0}}
,"D:\\workspace\\rag-demo\\desktop\\src\\shared\\avatars\\avatarPack16.ts": {"lines":{"total":125,"covered":0,"skipped":0,"pct":0},"functions":{"total":1,"covered":0,"skipped":0,"pct":0},"statements":{"total":125,"covered":0,"skipped":0,"pct":0},"branches":{"total":1,"covered":0,"skipped":0,"pct":0}}
,"D:\\workspace\\rag-demo\\desktop\\src\\shared\\avatars\\index.ts": {"lines":{"total":1,"covered":0,"skipped":0,"pct":0},"functions":{"total":1,"covered":0,"skipped":0,"pct":0},"statements":{"total":1,"covered":0,"skipped":0,"pct":0},"branches":{"total":1,"covered":0,"skipped":0,"pct":0}}
,"D:\\workspace\\rag-demo\\desktop\\src\\shared\\business\\modelAccess.ts": {"lines":{"total":21,"covered":21,"skipped":0,"pct":100},"functions":{"total":3,"covered":3,"skipped":0,"pct":100},"statements":{"total":21,"covered":21,"skipped":0,"pct":100},"branches":{"total":6,"covered":6,"skipped":0,"pct":100}}
,"D:\\workspace\\rag-demo\\desktop\\src\\shared\\i18n\\en-US.ts": {"lines":{"total":1147,"covered":1147,"skipped":0,"pct":100},"functions":{"total":0,"covered":0,"skipped":0,"pct":100},"statements":{"total":1147,"covered":1147,"skipped":0,"pct":100},"branches":{"total":0,"covered":0,"skipped":0,"pct":100}}
,"D:\\workspace\\rag-demo\\desktop\\src\\shared\\i18n\\index.ts": {"lines":{"total":87,"covered":85,"skipped":0,"pct":97.7},"functions":{"total":5,"covered":5,"skipped":0,"pct":100},"statements":{"total":87,"covered":85,"skipped":0,"pct":97.7},"branches":{"total":22,"covered":18,"skipped":0,"pct":81.81}}
,"D:\\workspace\\rag-demo\\desktop\\src\\shared\\i18n\\zh-CN.ts": {"lines":{"total":1100,"covered":1100,"skipped":0,"pct":100},"functions":{"total":0,"covered":0,"skipped":0,"pct":100},"statements":{"total":1100,"covered":1100,"skipped":0,"pct":100},"branches":{"total":0,"covered":0,"skipped":0,"pct":100}}
,"D:\\workspace\\rag-demo\\desktop\\src\\shared\\lib\\clipboard.ts": {"lines":{"total":26,"covered":26,"skipped":0,"pct":100},"functions":{"total":1,"covered":1,"skipped":0,"pct":100},"statements":{"total":26,"covered":26,"skipped":0,"pct":100},"branches":{"total":6,"covered":5,"skipped":0,"pct":83.33}}
,"D:\\workspace\\rag-demo\\desktop\\src\\shared\\lib\\request.ts": {"lines":{"total":163,"covered":38,"skipped":0,"pct":23.31},"functions":{"total":10,"covered":1,"skipped":0,"pct":10},"statements":{"total":163,"covered":38,"skipped":0,"pct":23.31},"branches":{"total":3,"covered":2,"skipped":0,"pct":66.66}}
,"D:\\workspace\\rag-demo\\desktop\\src\\shared\\lib\\sessionStorage.ts": {"lines":{"total":25,"covered":25,"skipped":0,"pct":100},"functions":{"total":4,"covered":4,"skipped":0,"pct":100},"statements":{"total":25,"covered":25,"skipped":0,"pct":100},"branches":{"total":14,"covered":14,"skipped":0,"pct":100}}
,"D:\\workspace\\rag-demo\\desktop\\src\\shared\\platform\\desktopRuntime.ts": {"lines":{"total":95,"covered":36,"skipped":0,"pct":37.89},"functions":{"total":9,"covered":5,"skipped":0,"pct":55.55},"statements":{"total":95,"covered":36,"skipped":0,"pct":37.89},"branches":{"total":17,"covered":7,"skipped":0,"pct":41.17}}
,"D:\\workspace\\rag-demo\\desktop\\src\\shared\\theme\\colorThemes.ts": {"lines":{"total":580,"covered":0,"skipped":0,"pct":0},"functions":{"total":1,"covered":0,"skipped":0,"pct":0},"statements":{"total":580,"covered":0,"skipped":0,"pct":0},"branches":{"total":1,"covered":0,"skipped":0,"pct":0}}
,"D:\\workspace\\rag-demo\\desktop\\src\\shared\\types\\auth.ts": {"lines":{"total":0,"covered":0,"skipped":0,"pct":0},"functions":{"total":1,"covered":1,"skipped":0,"pct":0},"statements":{"total":0,"covered":0,"skipped":0,"pct":0},"branches":{"total":1,"covered":1,"skipped":0,"pct":0}}
,"D:\\workspace\\rag-demo\\desktop\\src\\shared\\uchat\\index.ts": {"lines":{"total":3,"covered":0,"skipped":0,"pct":0},"functions":{"total":1,"covered":0,"skipped":0,"pct":0},"statements":{"total":3,"covered":0,"skipped":0,"pct":0},"branches":{"total":1,"covered":0,"skipped":0,"pct":0}}
,"D:\\workspace\\rag-demo\\desktop\\src\\shared\\uchat\\core\\index.ts": {"lines":{"total":1,"covered":0,"skipped":0,"pct":0},"functions":{"total":1,"covered":0,"skipped":0,"pct":0},"statements":{"total":1,"covered":0,"skipped":0,"pct":0},"branches":{"total":1,"covered":0,"skipped":0,"pct":0}}
,"D:\\workspace\\rag-demo\\desktop\\src\\shared\\uchat\\core\\runtime.ts": {"lines":{"total":706,"covered":547,"skipped":0,"pct":77.47},"functions":{"total":36,"covered":27,"skipped":0,"pct":75},"statements":{"total":706,"covered":547,"skipped":0,"pct":77.47},"branches":{"total":206,"covered":163,"skipped":0,"pct":79.12}}
,"D:\\workspace\\rag-demo\\desktop\\src\\shared\\uchat\\core\\send-utils.ts": {"lines":{"total":15,"covered":15,"skipped":0,"pct":100},"functions":{"total":1,"covered":1,"skipped":0,"pct":100},"statements":{"total":15,"covered":15,"skipped":0,"pct":100},"branches":{"total":3,"covered":3,"skipped":0,"pct":100}}
,"D:\\workspace\\rag-demo\\desktop\\src\\shared\\uchat\\core\\store.ts": {"lines":{"total":218,"covered":174,"skipped":0,"pct":79.81},"functions":{"total":23,"covered":19,"skipped":0,"pct":82.6},"statements":{"total":218,"covered":174,"skipped":0,"pct":79.81},"branches":{"total":62,"covered":60,"skipped":0,"pct":96.77}}
,"D:\\workspace\\rag-demo\\desktop\\src\\shared\\uchat\\core\\types.ts": {"lines":{"total":0,"covered":0,"skipped":0,"pct":0},"functions":{"total":1,"covered":1,"skipped":0,"pct":0},"statements":{"total":0,"covered":0,"skipped":0,"pct":0},"branches":{"total":1,"covered":1,"skipped":0,"pct":0}}
,"D:\\workspace\\rag-demo\\desktop\\src\\shared\\uchat\\ui\\UChatExecutionTrace.tsx": {"lines":{"total":1,"covered":1,"skipped":0,"pct":100},"functions":{"total":0,"covered":0,"skipped":0,"pct":100},"statements":{"total":1,"covered":1,"skipped":0,"pct":100},"branches":{"total":0,"covered":0,"skipped":0,"pct":100}}
,"D:\\workspace\\rag-demo\\desktop\\src\\shared\\uchat\\ui\\UChatMessageBubbleShells.tsx": {"lines":{"total":41,"covered":40,"skipped":0,"pct":97.56},"functions":{"total":3,"covered":3,"skipped":0,"pct":100},"statements":{"total":41,"covered":40,"skipped":0,"pct":97.56},"branches":{"total":5,"covered":4,"skipped":0,"pct":80}}
,"D:\\workspace\\rag-demo\\desktop\\src\\shared\\uchat\\ui\\UChatOverflowTooltip.tsx": {"lines":{"total":42,"covered":2,"skipped":0,"pct":4.76},"functions":{"total":1,"covered":0,"skipped":0,"pct":0},"statements":{"total":42,"covered":2,"skipped":0,"pct":4.76},"branches":{"total":0,"covered":0,"skipped":0,"pct":100}}
,"D:\\workspace\\rag-demo\\desktop\\src\\shared\\uchat\\ui\\UChatRagExecutionTrace.tsx": {"lines":{"total":130,"covered":111,"skipped":0,"pct":85.38},"functions":{"total":3,"covered":2,"skipped":0,"pct":66.66},"statements":{"total":130,"covered":111,"skipped":0,"pct":85.38},"branches":{"total":35,"covered":30,"skipped":0,"pct":85.71}}
,"D:\\workspace\\rag-demo\\desktop\\src\\shared\\uchat\\ui\\UChatRagProgressDetailDrawer.tsx": {"lines":{"total":135,"covered":121,"skipped":0,"pct":89.62},"functions":{"total":3,"covered":1,"skipped":0,"pct":33.33},"statements":{"total":135,"covered":121,"skipped":0,"pct":89.62},"branches":{"total":25,"covered":20,"skipped":0,"pct":80}}
,"D:\\workspace\\rag-demo\\desktop\\src\\shared\\uchat\\ui\\UChatRagSourceDetailDrawer.tsx": {"lines":{"total":134,"covered":71,"skipped":0,"pct":52.98},"functions":{"total":2,"covered":1,"skipped":0,"pct":50},"statements":{"total":134,"covered":71,"skipped":0,"pct":52.98},"branches":{"total":16,"covered":5,"skipped":0,"pct":31.25}}
,"D:\\workspace\\rag-demo\\desktop\\src\\shared\\uchat\\ui\\UChatSidebarView.tsx": {"lines":{"total":352,"covered":239,"skipped":0,"pct":67.89},"functions":{"total":11,"covered":6,"skipped":0,"pct":54.54},"statements":{"total":352,"covered":239,"skipped":0,"pct":67.89},"branches":{"total":49,"covered":36,"skipped":0,"pct":73.46}}
,"D:\\workspace\\rag-demo\\desktop\\src\\shared\\uchat\\ui\\UChatThreadHeader.tsx": {"lines":{"total":28,"covered":21,"skipped":0,"pct":75},"functions":{"total":1,"covered":1,"skipped":0,"pct":100},"statements":{"total":28,"covered":21,"skipped":0,"pct":75},"branches":{"total":1,"covered":1,"skipped":0,"pct":100}}
,"D:\\workspace\\rag-demo\\desktop\\src\\shared\\uchat\\ui\\UChatThreadView.tsx": {"lines":{"total":1014,"covered":461,"skipped":0,"pct":45.46},"functions":{"total":43,"covered":12,"skipped":0,"pct":27.9},"statements":{"total":1014,"covered":461,"skipped":0,"pct":45.46},"branches":{"total":82,"covered":43,"skipped":0,"pct":52.43}}
,"D:\\workspace\\rag-demo\\desktop\\src\\shared\\uchat\\ui\\UChatToolTrace.tsx": {"lines":{"total":170,"covered":146,"skipped":0,"pct":85.88},"functions":{"total":4,"covered":4,"skipped":0,"pct":100},"statements":{"total":170,"covered":146,"skipped":0,"pct":85.88},"branches":{"total":33,"covered":21,"skipped":0,"pct":63.63}}
,"D:\\workspace\\rag-demo\\desktop\\src\\shared\\uchat\\ui\\UChatWelcomeEmptyState.tsx": {"lines":{"total":72,"covered":72,"skipped":0,"pct":100},"functions":{"total":1,"covered":1,"skipped":0,"pct":100},"statements":{"total":72,"covered":72,"skipped":0,"pct":100},"branches":{"total":5,"covered":3,"skipped":0,"pct":60}}
,"D:\\workspace\\rag-demo\\desktop\\src\\shared\\uchat\\ui\\executionParsers.ts": {"lines":{"total":333,"covered":177,"skipped":0,"pct":53.15},"functions":{"total":11,"covered":8,"skipped":0,"pct":72.72},"statements":{"total":333,"covered":177,"skipped":0,"pct":53.15},"branches":{"total":69,"covered":40,"skipped":0,"pct":57.97}}
,"D:\\workspace\\rag-demo\\desktop\\src\\shared\\uchat\\ui\\index.ts": {"lines":{"total":1,"covered":0,"skipped":0,"pct":0},"functions":{"total":1,"covered":0,"skipped":0,"pct":0},"statements":{"total":1,"covered":0,"skipped":0,"pct":0},"branches":{"total":1,"covered":0,"skipped":0,"pct":0}}
,"D:\\workspace\\rag-demo\\desktop\\src\\shared\\uchat\\ui\\ragParsers.ts": {"lines":{"total":1,"covered":1,"skipped":0,"pct":100},"functions":{"total":0,"covered":0,"skipped":0,"pct":100},"statements":{"total":1,"covered":1,"skipped":0,"pct":100},"branches":{"total":0,"covered":0,"skipped":0,"pct":100}}
,"D:\\workspace\\rag-demo\\desktop\\src\\shared\\uchat\\ui\\ragTypes.ts": {"lines":{"total":0,"covered":0,"skipped":0,"pct":0},"functions":{"total":1,"covered":1,"skipped":0,"pct":0},"statements":{"total":0,"covered":0,"skipped":0,"pct":0},"branches":{"total":1,"covered":1,"skipped":0,"pct":0}}
,"D:\\workspace\\rag-demo\\desktop\\src\\shared\\uchat\\ui\\react.tsx": {"lines":{"total":25,"covered":0,"skipped":0,"pct":0},"functions":{"total":1,"covered":0,"skipped":0,"pct":0},"statements":{"total":25,"covered":0,"skipped":0,"pct":0},"branches":{"total":1,"covered":0,"skipped":0,"pct":0}}
,"D:\\workspace\\rag-demo\\desktop\\src\\shared\\ui\\Alert.tsx": {"lines":{"total":66,"covered":65,"skipped":0,"pct":98.48},"functions":{"total":1,"covered":1,"skipped":0,"pct":100},"statements":{"total":66,"covered":65,"skipped":0,"pct":98.48},"branches":{"total":18,"covered":17,"skipped":0,"pct":94.44}}
,"D:\\workspace\\rag-demo\\desktop\\src\\shared\\ui\\AvatarPicker.tsx": {"lines":{"total":257,"covered":253,"skipped":0,"pct":98.44},"functions":{"total":12,"covered":9,"skipped":0,"pct":75},"statements":{"total":257,"covered":253,"skipped":0,"pct":98.44},"branches":{"total":65,"covered":65,"skipped":0,"pct":100}}
,"D:\\workspace\\rag-demo\\desktop\\src\\shared\\ui\\Badge.tsx": {"lines":{"total":27,"covered":27,"skipped":0,"pct":100},"functions":{"total":1,"covered":1,"skipped":0,"pct":100},"statements":{"total":27,"covered":27,"skipped":0,"pct":100},"branches":{"total":5,"covered":5,"skipped":0,"pct":100}}
,"D:\\workspace\\rag-demo\\desktop\\src\\shared\\ui\\Button.tsx": {"lines":{"total":117,"covered":117,"skipped":0,"pct":100},"functions":{"total":3,"covered":3,"skipped":0,"pct":100},"statements":{"total":117,"covered":117,"skipped":0,"pct":100},"branches":{"total":11,"covered":11,"skipped":0,"pct":100}}
,"D:\\workspace\\rag-demo\\desktop\\src\\shared\\ui\\Card.tsx": {"lines":{"total":50,"covered":47,"skipped":0,"pct":94},"functions":{"total":1,"covered":1,"skipped":0,"pct":100},"statements":{"total":50,"covered":47,"skipped":0,"pct":94},"branches":{"total":8,"covered":5,"skipped":0,"pct":62.5}}
,"D:\\workspace\\rag-demo\\desktop\\src\\shared\\ui\\CodeBlock.tsx": {"lines":{"total":16,"covered":16,"skipped":0,"pct":100},"functions":{"total":1,"covered":1,"skipped":0,"pct":100},"statements":{"total":16,"covered":16,"skipped":0,"pct":100},"branches":{"total":1,"covered":1,"skipped":0,"pct":100}}
,"D:\\workspace\\rag-demo\\desktop\\src\\shared\\ui\\ConfirmDialog.tsx": {"lines":{"total":65,"covered":65,"skipped":0,"pct":100},"functions":{"total":1,"covered":1,"skipped":0,"pct":100},"statements":{"total":65,"covered":65,"skipped":0,"pct":100},"branches":{"total":6,"covered":5,"skipped":0,"pct":83.33}}
,"D:\\workspace\\rag-demo\\desktop\\src\\shared\\ui\\CoverageReportPanel.tsx": {"lines":{"total":384,"covered":353,"skipped":0,"pct":91.92},"functions":{"total":9,"covered":9,"skipped":0,"pct":100},"statements":{"total":384,"covered":353,"skipped":0,"pct":91.92},"branches":{"total":86,"covered":66,"skipped":0,"pct":76.74}}
,"D:\\workspace\\rag-demo\\desktop\\src\\shared\\ui\\Divider.tsx": {"lines":{"total":5,"covered":5,"skipped":0,"pct":100},"functions":{"total":1,"covered":1,"skipped":0,"pct":100},"statements":{"total":5,"covered":5,"skipped":0,"pct":100},"branches":{"total":1,"covered":1,"skipped":0,"pct":100}}
,"D:\\workspace\\rag-demo\\desktop\\src\\shared\\ui\\Drawer.tsx": {"lines":{"total":92,"covered":90,"skipped":0,"pct":97.82},"functions":{"total":2,"covered":2,"skipped":0,"pct":100},"statements":{"total":92,"covered":90,"skipped":0,"pct":97.82},"branches":{"total":28,"covered":24,"skipped":0,"pct":85.71}}
,"D:\\workspace\\rag-demo\\desktop\\src\\shared\\ui\\DropdownMenu.tsx": {"lines":{"total":88,"covered":86,"skipped":0,"pct":97.72},"functions":{"total":3,"covered":3,"skipped":0,"pct":100},"statements":{"total":88,"covered":86,"skipped":0,"pct":97.72},"branches":{"total":19,"covered":17,"skipped":0,"pct":89.47}}
,"D:\\workspace\\rag-demo\\desktop\\src\\shared\\ui\\ErrorBoundary.tsx": {"lines":{"total":133,"covered":101,"skipped":0,"pct":75.93},"functions":{"total":10,"covered":8,"skipped":0,"pct":80},"statements":{"total":133,"covered":101,"skipped":0,"pct":75.93},"branches":{"total":17,"covered":11,"skipped":0,"pct":64.7}}
,"D:\\workspace\\rag-demo\\desktop\\src\\shared\\ui\\ExpandableSection.tsx": {"lines":{"total":35,"covered":35,"skipped":0,"pct":100},"functions":{"total":2,"covered":2,"skipped":0,"pct":100},"statements":{"total":35,"covered":35,"skipped":0,"pct":100},"branches":{"total":7,"covered":7,"skipped":0,"pct":100}}
,"D:\\workspace\\rag-demo\\desktop\\src\\shared\\ui\\FileIcon.tsx": {"lines":{"total":11,"covered":11,"skipped":0,"pct":100},"functions":{"total":1,"covered":1,"skipped":0,"pct":100},"statements":{"total":11,"covered":11,"skipped":0,"pct":100},"branches":{"total":7,"covered":7,"skipped":0,"pct":100}}
,"D:\\workspace\\rag-demo\\desktop\\src\\shared\\ui\\FileListItem.tsx": {"lines":{"total":50,"covered":50,"skipped":0,"pct":100},"functions":{"total":2,"covered":2,"skipped":0,"pct":100},"statements":{"total":50,"covered":50,"skipped":0,"pct":100},"branches":{"total":8,"covered":8,"skipped":0,"pct":100}}
,"D:\\workspace\\rag-demo\\desktop\\src\\shared\\ui\\FileUploadDropzone.tsx": {"lines":{"total":74,"covered":68,"skipped":0,"pct":91.89},"functions":{"total":3,"covered":3,"skipped":0,"pct":100},"statements":{"total":74,"covered":68,"skipped":0,"pct":91.89},"branches":{"total":13,"covered":11,"skipped":0,"pct":84.61}}
,"D:\\workspace\\rag-demo\\desktop\\src\\shared\\ui\\FullPageStatus.tsx": {"lines":{"total":7,"covered":7,"skipped":0,"pct":100},"functions":{"total":1,"covered":1,"skipped":0,"pct":100},"statements":{"total":7,"covered":7,"skipped":0,"pct":100},"branches":{"total":1,"covered":1,"skipped":0,"pct":100}}
,"D:\\workspace\\rag-demo\\desktop\\src\\shared\\ui\\IconButton.tsx": {"lines":{"total":2,"covered":2,"skipped":0,"pct":100},"functions":{"total":0,"covered":0,"skipped":0,"pct":100},"statements":{"total":2,"covered":2,"skipped":0,"pct":100},"branches":{"total":0,"covered":0,"skipped":0,"pct":100}}
,"D:\\workspace\\rag-demo\\desktop\\src\\shared\\ui\\ImagePreviewOverlay.tsx": {"lines":{"total":51,"covered":51,"skipped":0,"pct":100},"functions":{"total":4,"covered":4,"skipped":0,"pct":100},"statements":{"total":51,"covered":51,"skipped":0,"pct":100},"branches":{"total":15,"covered":15,"skipped":0,"pct":100}}
,"D:\\workspace\\rag-demo\\desktop\\src\\shared\\ui\\Input.tsx": {"lines":{"total":157,"covered":157,"skipped":0,"pct":100},"functions":{"total":9,"covered":9,"skipped":0,"pct":100},"statements":{"total":157,"covered":157,"skipped":0,"pct":100},"branches":{"total":33,"covered":31,"skipped":0,"pct":93.93}}
,"D:\\workspace\\rag-demo\\desktop\\src\\shared\\ui\\MarkdownEditor.tsx": {"lines":{"total":67,"covered":4,"skipped":0,"pct":5.97},"functions":{"total":2,"covered":0,"skipped":0,"pct":0},"statements":{"total":67,"covered":4,"skipped":0,"pct":5.97},"branches":{"total":0,"covered":0,"skipped":0,"pct":100}}
,"D:\\workspace\\rag-demo\\desktop\\src\\shared\\ui\\MarkdownText.tsx": {"lines":{"total":22,"covered":22,"skipped":0,"pct":100},"functions":{"total":1,"covered":1,"skipped":0,"pct":100},"statements":{"total":22,"covered":22,"skipped":0,"pct":100},"branches":{"total":4,"covered":3,"skipped":0,"pct":75}}
,"D:\\workspace\\rag-demo\\desktop\\src\\shared\\ui\\Message.tsx": {"lines":{"total":113,"covered":96,"skipped":0,"pct":84.95},"functions":{"total":12,"covered":6,"skipped":0,"pct":50},"statements":{"total":113,"covered":96,"skipped":0,"pct":84.95},"branches":{"total":22,"covered":18,"skipped":0,"pct":81.81}}
,"D:\\workspace\\rag-demo\\desktop\\src\\shared\\ui\\MicroFrontend.tsx": {"lines":{"total":116,"covered":1,"skipped":0,"pct":0.86},"functions":{"total":2,"covered":0,"skipped":0,"pct":0},"statements":{"total":116,"covered":1,"skipped":0,"pct":0.86},"branches":{"total":0,"covered":0,"skipped":0,"pct":100}}
,"D:\\workspace\\rag-demo\\desktop\\src\\shared\\ui\\Modal.tsx": {"lines":{"total":278,"covered":187,"skipped":0,"pct":67.26},"functions":{"total":15,"covered":9,"skipped":0,"pct":60},"statements":{"total":278,"covered":187,"skipped":0,"pct":67.26},"branches":{"total":50,"covered":44,"skipped":0,"pct":88}}
,"D:\\workspace\\rag-demo\\desktop\\src\\shared\\ui\\NavItem.tsx": {"lines":{"total":21,"covered":21,"skipped":0,"pct":100},"functions":{"total":2,"covered":2,"skipped":0,"pct":100},"statements":{"total":21,"covered":21,"skipped":0,"pct":100},"branches":{"total":4,"covered":4,"skipped":0,"pct":100}}
,"D:\\workspace\\rag-demo\\desktop\\src\\shared\\ui\\NavigationCardTabs.tsx": {"lines":{"total":43,"covered":42,"skipped":0,"pct":97.67},"functions":{"total":2,"covered":2,"skipped":0,"pct":100},"statements":{"total":43,"covered":42,"skipped":0,"pct":97.67},"branches":{"total":9,"covered":7,"skipped":0,"pct":77.77}}
,"D:\\workspace\\rag-demo\\desktop\\src\\shared\\ui\\SearchSelectModal.tsx": {"lines":{"total":109,"covered":98,"skipped":0,"pct":89.9},"functions":{"total":5,"covered":5,"skipped":0,"pct":100},"statements":{"total":109,"covered":98,"skipped":0,"pct":89.9},"branches":{"total":20,"covered":14,"skipped":0,"pct":70}}
,"D:\\workspace\\rag-demo\\desktop\\src\\shared\\ui\\SearchSelectModalChrome.tsx": {"lines":{"total":127,"covered":116,"skipped":0,"pct":91.33},"functions":{"total":3,"covered":3,"skipped":0,"pct":100},"statements":{"total":127,"covered":116,"skipped":0,"pct":91.33},"branches":{"total":19,"covered":10,"skipped":0,"pct":52.63}}
,"D:\\workspace\\rag-demo\\desktop\\src\\shared\\ui\\SegmentedTabs.tsx": {"lines":{"total":34,"covered":34,"skipped":0,"pct":100},"functions":{"total":2,"covered":2,"skipped":0,"pct":100},"statements":{"total":34,"covered":34,"skipped":0,"pct":100},"branches":{"total":7,"covered":7,"skipped":0,"pct":100}}
,"D:\\workspace\\rag-demo\\desktop\\src\\shared\\ui\\Select.tsx": {"lines":{"total":141,"covered":135,"skipped":0,"pct":95.74},"functions":{"total":6,"covered":4,"skipped":0,"pct":66.66},"statements":{"total":141,"covered":135,"skipped":0,"pct":95.74},"branches":{"total":34,"covered":30,"skipped":0,"pct":88.23}}
,"D:\\workspace\\rag-demo\\desktop\\src\\shared\\ui\\StatusIndicator.tsx": {"lines":{"total":30,"covered":30,"skipped":0,"pct":100},"functions":{"total":2,"covered":2,"skipped":0,"pct":100},"statements":{"total":30,"covered":30,"skipped":0,"pct":100},"branches":{"total":4,"covered":4,"skipped":0,"pct":100}}
,"D:\\workspace\\rag-demo\\desktop\\src\\shared\\ui\\StepIndicator.tsx": {"lines":{"total":39,"covered":39,"skipped":0,"pct":100},"functions":{"total":1,"covered":1,"skipped":0,"pct":100},"statements":{"total":39,"covered":39,"skipped":0,"pct":100},"branches":{"total":13,"covered":13,"skipped":0,"pct":100}}
,"D:\\workspace\\rag-demo\\desktop\\src\\shared\\ui\\Switch.tsx": {"lines":{"total":37,"covered":37,"skipped":0,"pct":100},"functions":{"total":1,"covered":1,"skipped":0,"pct":100},"statements":{"total":37,"covered":37,"skipped":0,"pct":100},"branches":{"total":9,"covered":9,"skipped":0,"pct":100}}
,"D:\\workspace\\rag-demo\\desktop\\src\\shared\\ui\\TabCard.tsx": {"lines":{"total":29,"covered":29,"skipped":0,"pct":100},"functions":{"total":1,"covered":1,"skipped":0,"pct":100},"statements":{"total":29,"covered":29,"skipped":0,"pct":100},"branches":{"total":3,"covered":3,"skipped":0,"pct":100}}
,"D:\\workspace\\rag-demo\\desktop\\src\\shared\\ui\\Table.tsx": {"lines":{"total":302,"covered":280,"skipped":0,"pct":92.71},"functions":{"total":12,"covered":12,"skipped":0,"pct":100},"statements":{"total":302,"covered":280,"skipped":0,"pct":92.71},"branches":{"total":95,"covered":79,"skipped":0,"pct":83.15}}
,"D:\\workspace\\rag-demo\\desktop\\src\\shared\\ui\\Tag.tsx": {"lines":{"total":23,"covered":23,"skipped":0,"pct":100},"functions":{"total":1,"covered":1,"skipped":0,"pct":100},"statements":{"total":23,"covered":23,"skipped":0,"pct":100},"branches":{"total":4,"covered":4,"skipped":0,"pct":100}}
,"D:\\workspace\\rag-demo\\desktop\\src\\shared\\ui\\TagInput.tsx": {"lines":{"total":85,"covered":85,"skipped":0,"pct":100},"functions":{"total":7,"covered":7,"skipped":0,"pct":100},"statements":{"total":85,"covered":85,"skipped":0,"pct":100},"branches":{"total":31,"covered":31,"skipped":0,"pct":100}}
,"D:\\workspace\\rag-demo\\desktop\\src\\shared\\ui\\TerminalPanel.tsx": {"lines":{"total":46,"covered":46,"skipped":0,"pct":100},"functions":{"total":1,"covered":1,"skipped":0,"pct":100},"statements":{"total":46,"covered":46,"skipped":0,"pct":100},"branches":{"total":10,"covered":10,"skipped":0,"pct":100}}
,"D:\\workspace\\rag-demo\\desktop\\src\\shared\\ui\\Tooltip.tsx": {"lines":{"total":44,"covered":44,"skipped":0,"pct":100},"functions":{"total":1,"covered":1,"skipped":0,"pct":100},"statements":{"total":44,"covered":44,"skipped":0,"pct":100},"branches":{"total":3,"covered":3,"skipped":0,"pct":100}}
,"D:\\workspace\\rag-demo\\desktop\\src\\shared\\ui\\WelcomePanel.tsx": {"lines":{"total":36,"covered":36,"skipped":0,"pct":100},"functions":{"total":1,"covered":1,"skipped":0,"pct":100},"statements":{"total":36,"covered":36,"skipped":0,"pct":100},"branches":{"total":5,"covered":5,"skipped":0,"pct":100}}
,"D:\\workspace\\rag-demo\\desktop\\src\\shared\\ui\\index.ts": {"lines":{"total":1,"covered":1,"skipped":0,"pct":100},"functions":{"total":0,"covered":0,"skipped":0,"pct":100},"statements":{"total":1,"covered":1,"skipped":0,"pct":100},"branches":{"total":0,"covered":0,"skipped":0,"pct":100}}
,"D:\\workspace\\rag-demo\\desktop\\src\\shared\\ui\\i18n\\en-US.ts": {"lines":{"total":28,"covered":28,"skipped":0,"pct":100},"functions":{"total":0,"covered":0,"skipped":0,"pct":100},"statements":{"total":28,"covered":28,"skipped":0,"pct":100},"branches":{"total":0,"covered":0,"skipped":0,"pct":100}}
,"D:\\workspace\\rag-demo\\desktop\\src\\shared\\ui\\i18n\\zh-CN.ts": {"lines":{"total":28,"covered":28,"skipped":0,"pct":100},"functions":{"total":0,"covered":0,"skipped":0,"pct":100},"statements":{"total":28,"covered":28,"skipped":0,"pct":100},"branches":{"total":0,"covered":0,"skipped":0,"pct":100}}
,"D:\\workspace\\rag-demo\\desktop\\src\\shared\\utils\\file.ts": {"lines":{"total":15,"covered":15,"skipped":0,"pct":100},"functions":{"total":2,"covered":2,"skipped":0,"pct":100},"statements":{"total":15,"covered":15,"skipped":0,"pct":100},"branches":{"total":7,"covered":7,"skipped":0,"pct":100}}
,"D:\\workspace\\rag-demo\\desktop\\src\\shared\\utils\\prompt-injection\\index.ts": {"lines":{"total":1,"covered":0,"skipped":0,"pct":0},"functions":{"total":1,"covered":0,"skipped":0,"pct":0},"statements":{"total":1,"covered":0,"skipped":0,"pct":0},"branches":{"total":1,"covered":0,"skipped":0,"pct":0}}
,"D:\\workspace\\rag-demo\\desktop\\src\\shared\\utils\\prompt-injection\\promptInjection.ts": {"lines":{"total":304,"covered":243,"skipped":0,"pct":79.93},"functions":{"total":12,"covered":12,"skipped":0,"pct":100},"statements":{"total":304,"covered":243,"skipped":0,"pct":79.93},"branches":{"total":93,"covered":79,"skipped":0,"pct":84.94}}
}
