{"total": {"lines":{"total":19301,"covered":8961,"skipped":0,"pct":46.42},"statements":{"total":19301,"covered":8961,"skipped":0,"pct":46.42},"functions":{"total":766,"covered":436,"skipped":0,"pct":56.91},"branches":{"total":1687,"covered":1091,"skipped":0,"pct":64.67},"branchesTrue":{"total":0,"covered":0,"skipped":0,"pct":100}}
,"D:\\workspace\\rag-demo\\server\\src\\logger.ts": {"lines":{"total":111,"covered":61,"skipped":0,"pct":54.95},"functions":{"total":7,"covered":4,"skipped":0,"pct":57.14},"statements":{"total":111,"covered":61,"skipped":0,"pct":54.95},"branches":{"total":15,"covered":9,"skipped":0,"pct":60}}
,"D:\\workspace\\rag-demo\\server\\src\\config\\index.ts": {"lines":{"total":40,"covered":33,"skipped":0,"pct":82.5},"functions":{"total":1,"covered":1,"skipped":0,"pct":100},"statements":{"total":40,"covered":33,"skipped":0,"pct":82.5},"branches":{"total":4,"covered":3,"skipped":0,"pct":75}}
,"D:\\workspace\\rag-demo\\server\\src\\config\\public-api.ts": {"lines":{"total":58,"covered":58,"skipped":0,"pct":100},"functions":{"total":1,"covered":1,"skipped":0,"pct":100},"statements":{"total":58,"covered":58,"skipped":0,"pct":100},"branches":{"total":6,"covered":5,"skipped":0,"pct":83.33}}
,"D:\\workspace\\rag-demo\\server\\src\\constants\\domain.ts": {"lines":{"total":12,"covered":12,"skipped":0,"pct":100},"functions":{"total":0,"covered":0,"skipped":0,"pct":100},"statements":{"total":12,"covered":12,"skipped":0,"pct":100},"branches":{"total":0,"covered":0,"skipped":0,"pct":100}}
,"D:\\workspace\\rag-demo\\server\\src\\constants\\knowledge-base.ts": {"lines":{"total":16,"covered":16,"skipped":0,"pct":100},"functions":{"total":0,"covered":0,"skipped":0,"pct":100},"statements":{"total":16,"covered":16,"skipped":0,"pct":100},"branches":{"total":0,"covered":0,"skipped":0,"pct":100}}
,"D:\\workspace\\rag-demo\\server\\src\\db\\auth.db.ts": {"lines":{"total":234,"covered":111,"skipped":0,"pct":47.43},"functions":{"total":16,"covered":9,"skipped":0,"pct":56.25},"statements":{"total":234,"covered":111,"skipped":0,"pct":47.43},"branches":{"total":27,"covered":11,"skipped":0,"pct":40.74}}
,"D:\\workspace\\rag-demo\\server\\src\\db\\evaluation.db.ts": {"lines":{"total":190,"covered":50,"skipped":0,"pct":26.31},"functions":{"total":11,"covered":4,"skipped":0,"pct":36.36},"statements":{"total":190,"covered":50,"skipped":0,"pct":26.31},"branches":{"total":6,"covered":5,"skipped":0,"pct":83.33}}
,"D:\\workspace\\rag-demo\\server\\src\\db\\index.ts": {"lines":{"total":62,"covered":34,"skipped":0,"pct":54.83},"functions":{"total":5,"covered":3,"skipped":0,"pct":60},"statements":{"total":62,"covered":34,"skipped":0,"pct":54.83},"branches":{"total":8,"covered":5,"skipped":0,"pct":62.5}}
,"D:\\workspace\\rag-demo\\server\\src\\db\\init-utils.ts": {"lines":{"total":4,"covered":4,"skipped":0,"pct":100},"functions":{"total":1,"covered":1,"skipped":0,"pct":100},"statements":{"total":4,"covered":4,"skipped":0,"pct":100},"branches":{"total":1,"covered":1,"skipped":0,"pct":100}}
,"D:\\workspace\\rag-demo\\server\\src\\db\\knowledge-base.db.ts": {"lines":{"total":185,"covered":82,"skipped":0,"pct":44.32},"functions":{"total":12,"covered":9,"skipped":0,"pct":75},"statements":{"total":185,"covered":82,"skipped":0,"pct":44.32},"branches":{"total":16,"covered":10,"skipped":0,"pct":62.5}}
,"D:\\workspace\\rag-demo\\server\\src\\db\\model-config.db.ts": {"lines":{"total":176,"covered":122,"skipped":0,"pct":69.31},"functions":{"total":6,"covered":6,"skipped":0,"pct":100},"statements":{"total":176,"covered":122,"skipped":0,"pct":69.31},"branches":{"total":29,"covered":14,"skipped":0,"pct":48.27}}
,"D:\\workspace\\rag-demo\\server\\src\\db\\role.db.ts": {"lines":{"total":129,"covered":116,"skipped":0,"pct":89.92},"functions":{"total":5,"covered":4,"skipped":0,"pct":80},"statements":{"total":129,"covered":116,"skipped":0,"pct":89.92},"branches":{"total":14,"covered":9,"skipped":0,"pct":64.28}}
,"D:\\workspace\\rag-demo\\server\\src\\db\\schema.ts": {"lines":{"total":445,"covered":445,"skipped":0,"pct":100},"functions":{"total":12,"covered":0,"skipped":0,"pct":0},"statements":{"total":445,"covered":445,"skipped":0,"pct":100},"branches":{"total":22,"covered":22,"skipped":0,"pct":100}}
,"D:\\workspace\\rag-demo\\server\\src\\db\\sqlite-utils.ts": {"lines":{"total":46,"covered":32,"skipped":0,"pct":69.56},"functions":{"total":4,"covered":3,"skipped":0,"pct":75},"statements":{"total":46,"covered":32,"skipped":0,"pct":69.56},"branches":{"total":6,"covered":4,"skipped":0,"pct":66.66}}
,"D:\\workspace\\rag-demo\\server\\src\\db\\thread.db.ts": {"lines":{"total":96,"covered":63,"skipped":0,"pct":65.62},"functions":{"total":7,"covered":6,"skipped":0,"pct":85.71},"statements":{"total":96,"covered":63,"skipped":0,"pct":65.62},"branches":{"total":12,"covered":6,"skipped":0,"pct":50}}
,"D:\\workspace\\rag-demo\\server\\src\\db\\repositories\\index.ts": {"lines":{"total":7,"covered":7,"skipped":0,"pct":100},"functions":{"total":0,"covered":0,"skipped":0,"pct":100},"statements":{"total":7,"covered":7,"skipped":0,"pct":100},"branches":{"total":0,"covered":0,"skipped":0,"pct":100}}
,"D:\\workspace\\rag-demo\\server\\src\\db\\repositories\\knowledge-base.repository.ts": {"lines":{"total":268,"covered":136,"skipped":0,"pct":50.74},"functions":{"total":16,"covered":7,"skipped":0,"pct":43.75},"statements":{"total":268,"covered":136,"skipped":0,"pct":50.74},"branches":{"total":24,"covered":14,"skipped":0,"pct":58.33}}
,"D:\\workspace\\rag-demo\\server\\src\\db\\repositories\\model-config.repository.ts": {"lines":{"total":125,"covered":63,"skipped":0,"pct":50.4},"functions":{"total":9,"covered":5,"skipped":0,"pct":55.55},"statements":{"total":125,"covered":63,"skipped":0,"pct":50.4},"branches":{"total":10,"covered":7,"skipped":0,"pct":70}}
,"D:\\workspace\\rag-demo\\server\\src\\db\\repositories\\provider-settings.repository.ts": {"lines":{"total":109,"covered":34,"skipped":0,"pct":31.19},"functions":{"total":7,"covered":2,"skipped":0,"pct":28.57},"statements":{"total":109,"covered":34,"skipped":0,"pct":31.19},"branches":{"total":4,"covered":2,"skipped":0,"pct":50}}
,"D:\\workspace\\rag-demo\\server\\src\\db\\repositories\\role.repository.ts": {"lines":{"total":70,"covered":66,"skipped":0,"pct":94.28},"functions":{"total":5,"covered":5,"skipped":0,"pct":100},"statements":{"total":70,"covered":66,"skipped":0,"pct":94.28},"branches":{"total":9,"covered":5,"skipped":0,"pct":55.55}}
,"D:\\workspace\\rag-demo\\server\\src\\db\\repositories\\thread.repository.ts": {"lines":{"total":216,"covered":187,"skipped":0,"pct":86.57},"functions":{"total":17,"covered":14,"skipped":0,"pct":82.35},"statements":{"total":216,"covered":187,"skipped":0,"pct":86.57},"branches":{"total":20,"covered":17,"skipped":0,"pct":85}}
,"D:\\workspace\\rag-demo\\server\\src\\db\\repositories\\user.repository.ts": {"lines":{"total":74,"covered":25,"skipped":0,"pct":33.78},"functions":{"total":8,"covered":2,"skipped":0,"pct":25},"statements":{"total":74,"covered":25,"skipped":0,"pct":33.78},"branches":{"total":3,"covered":2,"skipped":0,"pct":66.66}}
,"D:\\workspace\\rag-demo\\server\\src\\mcp\\bootstrap.ts": {"lines":{"total":1,"covered":1,"skipped":0,"pct":100},"functions":{"total":0,"covered":0,"skipped":0,"pct":100},"statements":{"total":1,"covered":1,"skipped":0,"pct":100},"branches":{"total":0,"covered":0,"skipped":0,"pct":100}}
,"D:\\workspace\\rag-demo\\server\\src\\mcp\\document-readers.ts": {"lines":{"total":382,"covered":364,"skipped":0,"pct":95.28},"functions":{"total":30,"covered":30,"skipped":0,"pct":100},"statements":{"total":382,"covered":364,"skipped":0,"pct":95.28},"branches":{"total":86,"covered":74,"skipped":0,"pct":86.04}}
,"D:\\workspace\\rag-demo\\server\\src\\mcp\\marketplace.ts": {"lines":{"total":145,"covered":125,"skipped":0,"pct":86.2},"functions":{"total":10,"covered":10,"skipped":0,"pct":100},"statements":{"total":145,"covered":125,"skipped":0,"pct":86.2},"branches":{"total":60,"covered":45,"skipped":0,"pct":75}}
,"D:\\workspace\\rag-demo\\server\\src\\mcp\\routes.ts": {"lines":{"total":240,"covered":228,"skipped":0,"pct":95},"functions":{"total":3,"covered":2,"skipped":0,"pct":66.66},"statements":{"total":240,"covered":228,"skipped":0,"pct":95},"branches":{"total":17,"covered":12,"skipped":0,"pct":70.58}}
,"D:\\workspace\\rag-demo\\server\\src\\mcp\\terminal-sessions.ts": {"lines":{"total":54,"covered":7,"skipped":0,"pct":12.96},"functions":{"total":5,"covered":0,"skipped":0,"pct":0},"statements":{"total":54,"covered":7,"skipped":0,"pct":12.96},"branches":{"total":0,"covered":0,"skipped":0,"pct":100}}
,"D:\\workspace\\rag-demo\\server\\src\\mcp\\workspace.ts": {"lines":{"total":70,"covered":54,"skipped":0,"pct":77.14},"functions":{"total":9,"covered":8,"skipped":0,"pct":88.88},"statements":{"total":70,"covered":54,"skipped":0,"pct":77.14},"branches":{"total":26,"covered":21,"skipped":0,"pct":80.76}}
,"D:\\workspace\\rag-demo\\server\\src\\mcp\\core\\artifacts.ts": {"lines":{"total":10,"covered":10,"skipped":0,"pct":100},"functions":{"total":1,"covered":1,"skipped":0,"pct":100},"statements":{"total":10,"covered":10,"skipped":0,"pct":100},"branches":{"total":7,"covered":5,"skipped":0,"pct":71.42}}
,"D:\\workspace\\rag-demo\\server\\src\\mcp\\core\\definitions.ts": {"lines":{"total":0,"covered":0,"skipped":0,"pct":0},"functions":{"total":1,"covered":1,"skipped":0,"pct":0},"statements":{"total":0,"covered":0,"skipped":0,"pct":0},"branches":{"total":1,"covered":1,"skipped":0,"pct":0}}
,"D:\\workspace\\rag-demo\\server\\src\\mcp\\core\\errors.ts": {"lines":{"total":4,"covered":4,"skipped":0,"pct":100},"functions":{"total":0,"covered":0,"skipped":0,"pct":100},"statements":{"total":4,"covered":4,"skipped":0,"pct":100},"branches":{"total":0,"covered":0,"skipped":0,"pct":100}}
,"D:\\workspace\\rag-demo\\server\\src\\mcp\\core\\events.ts": {"lines":{"total":10,"covered":10,"skipped":0,"pct":100},"functions":{"total":2,"covered":2,"skipped":0,"pct":100},"statements":{"total":10,"covered":10,"skipped":0,"pct":100},"branches":{"total":2,"covered":2,"skipped":0,"pct":100}}
,"D:\\workspace\\rag-demo\\server\\src\\mcp\\core\\invocations.ts": {"lines":{"total":100,"covered":81,"skipped":0,"pct":81},"functions":{"total":8,"covered":7,"skipped":0,"pct":87.5},"statements":{"total":100,"covered":81,"skipped":0,"pct":81},"branches":{"total":17,"covered":9,"skipped":0,"pct":52.94}}
,"D:\\workspace\\rag-demo\\server\\src\\mcp\\core\\permissions.ts": {"lines":{"total":12,"covered":0,"skipped":0,"pct":0},"functions":{"total":1,"covered":1,"skipped":0,"pct":100},"statements":{"total":12,"covered":0,"skipped":0,"pct":0},"branches":{"total":1,"covered":1,"skipped":0,"pct":100}}
,"D:\\workspace\\rag-demo\\server\\src\\mcp\\core\\registry.ts": {"lines":{"total":19,"covered":18,"skipped":0,"pct":94.73},"functions":{"total":7,"covered":6,"skipped":0,"pct":85.71},"statements":{"total":19,"covered":18,"skipped":0,"pct":94.73},"branches":{"total":7,"covered":7,"skipped":0,"pct":100}}
,"D:\\workspace\\rag-demo\\server\\src\\mcp\\harness\\environment.ts": {"lines":{"total":127,"covered":125,"skipped":0,"pct":98.42},"functions":{"total":3,"covered":3,"skipped":0,"pct":100},"statements":{"total":127,"covered":125,"skipped":0,"pct":98.42},"branches":{"total":8,"covered":7,"skipped":0,"pct":87.5}}
,"D:\\workspace\\rag-demo\\server\\src\\mcp\\harness\\invocations.ts": {"lines":{"total":13,"covered":12,"skipped":0,"pct":92.3},"functions":{"total":4,"covered":3,"skipped":0,"pct":75},"statements":{"total":13,"covered":12,"skipped":0,"pct":92.3},"branches":{"total":3,"covered":3,"skipped":0,"pct":100}}
,"D:\\workspace\\rag-demo\\server\\src\\mcp\\harness\\registry.ts": {"lines":{"total":14,"covered":12,"skipped":0,"pct":85.71},"functions":{"total":7,"covered":5,"skipped":0,"pct":71.42},"statements":{"total":14,"covered":12,"skipped":0,"pct":85.71},"branches":{"total":5,"covered":5,"skipped":0,"pct":100}}
,"D:\\workspace\\rag-demo\\server\\src\\mcp\\harness\\runtime.ts": {"lines":{"total":21,"covered":19,"skipped":0,"pct":90.47},"functions":{"total":2,"covered":2,"skipped":0,"pct":100},"statements":{"total":21,"covered":19,"skipped":0,"pct":90.47},"branches":{"total":3,"covered":2,"skipped":0,"pct":66.66}}
,"D:\\workspace\\rag-demo\\server\\src\\mcp\\read\\extract.ts": {"lines":{"total":67,"covered":64,"skipped":0,"pct":95.52},"functions":{"total":2,"covered":2,"skipped":0,"pct":100},"statements":{"total":67,"covered":64,"skipped":0,"pct":95.52},"branches":{"total":13,"covered":10,"skipped":0,"pct":76.92}}
,"D:\\workspace\\rag-demo\\server\\src\\mcp\\read\\locate.ts": {"lines":{"total":295,"covered":210,"skipped":0,"pct":71.18},"functions":{"total":13,"covered":12,"skipped":0,"pct":92.3},"statements":{"total":295,"covered":210,"skipped":0,"pct":71.18},"branches":{"total":57,"covered":34,"skipped":0,"pct":59.64}}
,"D:\\workspace\\rag-demo\\server\\src\\mcp\\read\\runtime.ts": {"lines":{"total":108,"covered":103,"skipped":0,"pct":95.37},"functions":{"total":3,"covered":3,"skipped":0,"pct":100},"statements":{"total":108,"covered":103,"skipped":0,"pct":95.37},"branches":{"total":18,"covered":9,"skipped":0,"pct":50}}
,"D:\\workspace\\rag-demo\\server\\src\\mcp\\read\\slice.ts": {"lines":{"total":43,"covered":41,"skipped":0,"pct":95.34},"functions":{"total":1,"covered":1,"skipped":0,"pct":100},"statements":{"total":43,"covered":41,"skipped":0,"pct":95.34},"branches":{"total":5,"covered":3,"skipped":0,"pct":60}}
,"D:\\workspace\\rag-demo\\server\\src\\mcp\\read\\types.ts": {"lines":{"total":0,"covered":0,"skipped":0,"pct":0},"functions":{"total":1,"covered":1,"skipped":0,"pct":0},"statements":{"total":0,"covered":0,"skipped":0,"pct":0},"branches":{"total":1,"covered":1,"skipped":0,"pct":0}}
,"D:\\workspace\\rag-demo\\server\\src\\mcp\\resources\\workspace-resource.ts": {"lines":{"total":28,"covered":26,"skipped":0,"pct":92.85},"functions":{"total":1,"covered":1,"skipped":0,"pct":100},"statements":{"total":28,"covered":26,"skipped":0,"pct":92.85},"branches":{"total":5,"covered":4,"skipped":0,"pct":80}}
,"D:\\workspace\\rag-demo\\server\\src\\mcp\\tools\\artifact-utils.ts": {"lines":{"total":15,"covered":15,"skipped":0,"pct":100},"functions":{"total":1,"covered":1,"skipped":0,"pct":100},"statements":{"total":15,"covered":15,"skipped":0,"pct":100},"branches":{"total":6,"covered":3,"skipped":0,"pct":50}}
,"D:\\workspace\\rag-demo\\server\\src\\mcp\\tools\\edit-file.tool.ts": {"lines":{"total":101,"covered":88,"skipped":0,"pct":87.12},"functions":{"total":2,"covered":2,"skipped":0,"pct":100},"statements":{"total":101,"covered":88,"skipped":0,"pct":87.12},"branches":{"total":14,"covered":8,"skipped":0,"pct":57.14}}
,"D:\\workspace\\rag-demo\\server\\src\\mcp\\tools\\read-extract.tool.ts": {"lines":{"total":45,"covered":43,"skipped":0,"pct":95.55},"functions":{"total":1,"covered":1,"skipped":0,"pct":100},"statements":{"total":45,"covered":43,"skipped":0,"pct":95.55},"branches":{"total":7,"covered":5,"skipped":0,"pct":71.42}}
,"D:\\workspace\\rag-demo\\server\\src\\mcp\\tools\\read-list.tool.ts": {"lines":{"total":43,"covered":43,"skipped":0,"pct":100},"functions":{"total":1,"covered":1,"skipped":0,"pct":100},"statements":{"total":43,"covered":43,"skipped":0,"pct":100},"branches":{"total":3,"covered":3,"skipped":0,"pct":100}}
,"D:\\workspace\\rag-demo\\server\\src\\mcp\\tools\\read-locate.tool.ts": {"lines":{"total":51,"covered":51,"skipped":0,"pct":100},"functions":{"total":1,"covered":1,"skipped":0,"pct":100},"statements":{"total":51,"covered":51,"skipped":0,"pct":100},"branches":{"total":4,"covered":4,"skipped":0,"pct":100}}
,"D:\\workspace\\rag-demo\\server\\src\\mcp\\tools\\read-open.tool.ts": {"lines":{"total":43,"covered":43,"skipped":0,"pct":100},"functions":{"total":1,"covered":1,"skipped":0,"pct":100},"statements":{"total":43,"covered":43,"skipped":0,"pct":100},"branches":{"total":5,"covered":5,"skipped":0,"pct":100}}
,"D:\\workspace\\rag-demo\\server\\src\\mcp\\tools\\read-slice.tool.ts": {"lines":{"total":44,"covered":42,"skipped":0,"pct":95.45},"functions":{"total":1,"covered":1,"skipped":0,"pct":100},"statements":{"total":44,"covered":42,"skipped":0,"pct":95.45},"branches":{"total":5,"covered":1,"skipped":0,"pct":20}}
,"D:\\workspace\\rag-demo\\server\\src\\mcp\\tools\\read.tool.ts": {"lines":{"total":19,"covered":19,"skipped":0,"pct":100},"functions":{"total":1,"covered":1,"skipped":0,"pct":100},"statements":{"total":19,"covered":19,"skipped":0,"pct":100},"branches":{"total":1,"covered":1,"skipped":0,"pct":100}}
,"D:\\workspace\\rag-demo\\server\\src\\mcp\\tools\\terminal-session.tool.ts": {"lines":{"total":97,"covered":85,"skipped":0,"pct":87.62},"functions":{"total":1,"covered":1,"skipped":0,"pct":100},"statements":{"total":97,"covered":85,"skipped":0,"pct":87.62},"branches":{"total":10,"covered":4,"skipped":0,"pct":40}}
,"D:\\workspace\\rag-demo\\server\\src\\mcp\\tools\\web-search.tool.ts": {"lines":{"total":223,"covered":207,"skipped":0,"pct":92.82},"functions":{"total":8,"covered":8,"skipped":0,"pct":100},"statements":{"total":223,"covered":207,"skipped":0,"pct":92.82},"branches":{"total":56,"covered":38,"skipped":0,"pct":67.85}}
,"D:\\workspace\\rag-demo\\server\\src\\providers\\catalog.ts": {"lines":{"total":78,"covered":69,"skipped":0,"pct":88.46},"functions":{"total":5,"covered":1,"skipped":0,"pct":20},"statements":{"total":78,"covered":69,"skipped":0,"pct":88.46},"branches":{"total":2,"covered":2,"skipped":0,"pct":100}}
,"D:\\workspace\\rag-demo\\server\\src\\providers\\codes.ts": {"lines":{"total":15,"covered":15,"skipped":0,"pct":100},"functions":{"total":1,"covered":1,"skipped":0,"pct":100},"statements":{"total":15,"covered":15,"skipped":0,"pct":100},"branches":{"total":2,"covered":2,"skipped":0,"pct":100}}
,"D:\\workspace\\rag-demo\\server\\src\\routes\\account.ts": {"lines":{"total":73,"covered":0,"skipped":0,"pct":0},"functions":{"total":1,"covered":0,"skipped":0,"pct":0},"statements":{"total":73,"covered":0,"skipped":0,"pct":0},"branches":{"total":1,"covered":0,"skipped":0,"pct":0}}
,"D:\\workspace\\rag-demo\\server\\src\\routes\\app-meta.ts": {"lines":{"total":98,"covered":0,"skipped":0,"pct":0},"functions":{"total":1,"covered":0,"skipped":0,"pct":0},"statements":{"total":98,"covered":0,"skipped":0,"pct":0},"branches":{"total":1,"covered":0,"skipped":0,"pct":0}}
,"D:\\workspace\\rag-demo\\server\\src\\routes\\attachments.ts": {"lines":{"total":101,"covered":0,"skipped":0,"pct":0},"functions":{"total":1,"covered":0,"skipped":0,"pct":0},"statements":{"total":101,"covered":0,"skipped":0,"pct":0},"branches":{"total":1,"covered":0,"skipped":0,"pct":0}}
,"D:\\workspace\\rag-demo\\server\\src\\routes\\chat-rag.ts": {"lines":{"total":134,"covered":0,"skipped":0,"pct":0},"functions":{"total":1,"covered":0,"skipped":0,"pct":0},"statements":{"total":134,"covered":0,"skipped":0,"pct":0},"branches":{"total":1,"covered":0,"skipped":0,"pct":0}}
,"D:\\workspace\\rag-demo\\server\\src\\routes\\dbHealth.ts": {"lines":{"total":154,"covered":0,"skipped":0,"pct":0},"functions":{"total":1,"covered":0,"skipped":0,"pct":0},"statements":{"total":154,"covered":0,"skipped":0,"pct":0},"branches":{"total":1,"covered":0,"skipped":0,"pct":0}}
,"D:\\workspace\\rag-demo\\server\\src\\routes\\health.ts": {"lines":{"total":30,"covered":0,"skipped":0,"pct":0},"functions":{"total":1,"covered":0,"skipped":0,"pct":0},"statements":{"total":30,"covered":0,"skipped":0,"pct":0},"branches":{"total":1,"covered":0,"skipped":0,"pct":0}}
,"D:\\workspace\\rag-demo\\server\\src\\routes\\login.ts": {"lines":{"total":68,"covered":0,"skipped":0,"pct":0},"functions":{"total":1,"covered":0,"skipped":0,"pct":0},"statements":{"total":68,"covered":0,"skipped":0,"pct":0},"branches":{"total":1,"covered":0,"skipped":0,"pct":0}}
,"D:\\workspace\\rag-demo\\server\\src\\routes\\logs.ts": {"lines":{"total":63,"covered":0,"skipped":0,"pct":0},"functions":{"total":1,"covered":0,"skipped":0,"pct":0},"statements":{"total":63,"covered":0,"skipped":0,"pct":0},"branches":{"total":1,"covered":0,"skipped":0,"pct":0}}
,"D:\\workspace\\rag-demo\\server\\src\\routes\\me.ts": {"lines":{"total":31,"covered":0,"skipped":0,"pct":0},"functions":{"total":1,"covered":0,"skipped":0,"pct":0},"statements":{"total":31,"covered":0,"skipped":0,"pct":0},"branches":{"total":1,"covered":0,"skipped":0,"pct":0}}
,"D:\\workspace\\rag-demo\\server\\src\\routes\\model-config.ts": {"lines":{"total":201,"covered":0,"skipped":0,"pct":0},"functions":{"total":1,"covered":0,"skipped":0,"pct":0},"statements":{"total":201,"covered":0,"skipped":0,"pct":0},"branches":{"total":1,"covered":0,"skipped":0,"pct":0}}
,"D:\\workspace\\rag-demo\\server\\src\\routes\\schema-helpers.ts": {"lines":{"total":60,"covered":60,"skipped":0,"pct":100},"functions":{"total":1,"covered":1,"skipped":0,"pct":100},"statements":{"total":60,"covered":60,"skipped":0,"pct":100},"branches":{"total":1,"covered":1,"skipped":0,"pct":100}}
,"D:\\workspace\\rag-demo\\server\\src\\routes\\evaluation\\index.ts": {"lines":{"total":122,"covered":0,"skipped":0,"pct":0},"functions":{"total":1,"covered":0,"skipped":0,"pct":0},"statements":{"total":122,"covered":0,"skipped":0,"pct":0},"branches":{"total":1,"covered":0,"skipped":0,"pct":0}}
,"D:\\workspace\\rag-demo\\server\\src\\routes\\evaluation\\multipart.ts": {"lines":{"total":55,"covered":0,"skipped":0,"pct":0},"functions":{"total":1,"covered":0,"skipped":0,"pct":0},"statements":{"total":55,"covered":0,"skipped":0,"pct":0},"branches":{"total":1,"covered":0,"skipped":0,"pct":0}}
,"D:\\workspace\\rag-demo\\server\\src\\routes\\evaluation\\schemas.ts": {"lines":{"total":623,"covered":0,"skipped":0,"pct":0},"functions":{"total":1,"covered":0,"skipped":0,"pct":0},"statements":{"total":623,"covered":0,"skipped":0,"pct":0},"branches":{"total":1,"covered":0,"skipped":0,"pct":0}}
,"D:\\workspace\\rag-demo\\server\\src\\routes\\evaluation\\types.ts": {"lines":{"total":0,"covered":0,"skipped":0,"pct":0},"functions":{"total":1,"covered":1,"skipped":0,"pct":0},"statements":{"total":0,"covered":0,"skipped":0,"pct":0},"branches":{"total":1,"covered":1,"skipped":0,"pct":0}}
,"D:\\workspace\\rag-demo\\server\\src\\routes\\knowledge-base\\documents.routes.ts": {"lines":{"total":281,"covered":0,"skipped":0,"pct":0},"functions":{"total":1,"covered":0,"skipped":0,"pct":0},"statements":{"total":281,"covered":0,"skipped":0,"pct":0},"branches":{"total":1,"covered":0,"skipped":0,"pct":0}}
,"D:\\workspace\\rag-demo\\server\\src\\routes\\knowledge-base\\index.ts": {"lines":{"total":8,"covered":0,"skipped":0,"pct":0},"functions":{"total":1,"covered":0,"skipped":0,"pct":0},"statements":{"total":8,"covered":0,"skipped":0,"pct":0},"branches":{"total":1,"covered":0,"skipped":0,"pct":0}}
,"D:\\workspace\\rag-demo\\server\\src\\routes\\knowledge-base\\multipart.ts": {"lines":{"total":199,"covered":35,"skipped":0,"pct":17.58},"functions":{"total":14,"covered":2,"skipped":0,"pct":14.28},"statements":{"total":199,"covered":35,"skipped":0,"pct":17.58},"branches":{"total":9,"covered":8,"skipped":0,"pct":88.88}}
,"D:\\workspace\\rag-demo\\server\\src\\routes\\knowledge-base\\schemas.ts": {"lines":{"total":711,"covered":0,"skipped":0,"pct":0},"functions":{"total":1,"covered":0,"skipped":0,"pct":0},"statements":{"total":711,"covered":0,"skipped":0,"pct":0},"branches":{"total":1,"covered":0,"skipped":0,"pct":0}}
,"D:\\workspace\\rag-demo\\server\\src\\routes\\knowledge-base\\types.ts": {"lines":{"total":0,"covered":0,"skipped":0,"pct":0},"functions":{"total":1,"covered":1,"skipped":0,"pct":0},"statements":{"total":0,"covered":0,"skipped":0,"pct":0},"branches":{"total":1,"covered":1,"skipped":0,"pct":0}}
,"D:\\workspace\\rag-demo\\server\\src\\routes\\knowledge-base\\uploads.routes.ts": {"lines":{"total":102,"covered":0,"skipped":0,"pct":0},"functions":{"total":1,"covered":0,"skipped":0,"pct":0},"statements":{"total":102,"covered":0,"skipped":0,"pct":0},"branches":{"total":1,"covered":0,"skipped":0,"pct":0}}
,"D:\\workspace\\rag-demo\\server\\src\\routes\\provider-settings\\assignments.routes.ts": {"lines":{"total":59,"covered":0,"skipped":0,"pct":0},"functions":{"total":1,"covered":0,"skipped":0,"pct":0},"statements":{"total":59,"covered":0,"skipped":0,"pct":0},"branches":{"total":1,"covered":0,"skipped":0,"pct":0}}
,"D:\\workspace\\rag-demo\\server\\src\\routes\\provider-settings\\connections.routes.ts": {"lines":{"total":32,"covered":0,"skipped":0,"pct":0},"functions":{"total":1,"covered":0,"skipped":0,"pct":0},"statements":{"total":32,"covered":0,"skipped":0,"pct":0},"branches":{"total":1,"covered":0,"skipped":0,"pct":0}}
,"D:\\workspace\\rag-demo\\server\\src\\routes\\provider-settings\\index.ts": {"lines":{"total":10,"covered":0,"skipped":0,"pct":0},"functions":{"total":1,"covered":0,"skipped":0,"pct":0},"statements":{"total":10,"covered":0,"skipped":0,"pct":0},"branches":{"total":1,"covered":0,"skipped":0,"pct":0}}
,"D:\\workspace\\rag-demo\\server\\src\\routes\\provider-settings\\models.routes.ts": {"lines":{"total":24,"covered":0,"skipped":0,"pct":0},"functions":{"total":1,"covered":0,"skipped":0,"pct":0},"statements":{"total":24,"covered":0,"skipped":0,"pct":0},"branches":{"total":1,"covered":0,"skipped":0,"pct":0}}
,"D:\\workspace\\rag-demo\\server\\src\\routes\\provider-settings\\schemas.ts": {"lines":{"total":418,"covered":0,"skipped":0,"pct":0},"functions":{"total":1,"covered":0,"skipped":0,"pct":0},"statements":{"total":418,"covered":0,"skipped":0,"pct":0},"branches":{"total":1,"covered":0,"skipped":0,"pct":0}}
,"D:\\workspace\\rag-demo\\server\\src\\routes\\provider-settings\\types.ts": {"lines":{"total":0,"covered":0,"skipped":0,"pct":0},"functions":{"total":1,"covered":1,"skipped":0,"pct":0},"statements":{"total":0,"covered":0,"skipped":0,"pct":0},"branches":{"total":1,"covered":1,"skipped":0,"pct":0}}
,"D:\\workspace\\rag-demo\\server\\src\\routes\\proxy-provider\\chat.routes.ts": {"lines":{"total":262,"covered":211,"skipped":0,"pct":80.53},"functions":{"total":10,"covered":9,"skipped":0,"pct":90},"statements":{"total":262,"covered":211,"skipped":0,"pct":80.53},"branches":{"total":38,"covered":31,"skipped":0,"pct":81.57}}
,"D:\\workspace\\rag-demo\\server\\src\\routes\\proxy-provider\\embeddings.routes.ts": {"lines":{"total":27,"covered":15,"skipped":0,"pct":55.55},"functions":{"total":1,"covered":1,"skipped":0,"pct":100},"statements":{"total":27,"covered":15,"skipped":0,"pct":55.55},"branches":{"total":1,"covered":1,"skipped":0,"pct":100}}
,"D:\\workspace\\rag-demo\\server\\src\\routes\\proxy-provider\\index.ts": {"lines":{"total":8,"covered":8,"skipped":0,"pct":100},"functions":{"total":1,"covered":1,"skipped":0,"pct":100},"statements":{"total":8,"covered":8,"skipped":0,"pct":100},"branches":{"total":1,"covered":1,"skipped":0,"pct":100}}
,"D:\\workspace\\rag-demo\\server\\src\\routes\\proxy-provider\\message-persistence.ts": {"lines":{"total":153,"covered":144,"skipped":0,"pct":94.11},"functions":{"total":9,"covered":9,"skipped":0,"pct":100},"statements":{"total":153,"covered":144,"skipped":0,"pct":94.11},"branches":{"total":56,"covered":44,"skipped":0,"pct":78.57}}
,"D:\\workspace\\rag-demo\\server\\src\\routes\\proxy-provider\\rag-message-metadata.ts": {"lines":{"total":10,"covered":10,"skipped":0,"pct":100},"functions":{"total":1,"covered":1,"skipped":0,"pct":100},"statements":{"total":10,"covered":10,"skipped":0,"pct":100},"branches":{"total":1,"covered":1,"skipped":0,"pct":100}}
,"D:\\workspace\\rag-demo\\server\\src\\routes\\proxy-provider\\rag-thread.ts": {"lines":{"total":207,"covered":162,"skipped":0,"pct":78.26},"functions":{"total":7,"covered":5,"skipped":0,"pct":71.42},"statements":{"total":207,"covered":162,"skipped":0,"pct":78.26},"branches":{"total":19,"covered":11,"skipped":0,"pct":57.89}}
,"D:\\workspace\\rag-demo\\server\\src\\routes\\proxy-provider\\schemas.ts": {"lines":{"total":206,"covered":206,"skipped":0,"pct":100},"functions":{"total":0,"covered":0,"skipped":0,"pct":100},"statements":{"total":206,"covered":206,"skipped":0,"pct":100},"branches":{"total":0,"covered":0,"skipped":0,"pct":100}}
,"D:\\workspace\\rag-demo\\server\\src\\routes\\proxy-provider\\stream-protocol.ts": {"lines":{"total":50,"covered":35,"skipped":0,"pct":70},"functions":{"total":3,"covered":2,"skipped":0,"pct":66.66},"statements":{"total":50,"covered":35,"skipped":0,"pct":70},"branches":{"total":4,"covered":3,"skipped":0,"pct":75}}
,"D:\\workspace\\rag-demo\\server\\src\\routes\\proxy-provider\\types.ts": {"lines":{"total":0,"covered":0,"skipped":0,"pct":0},"functions":{"total":1,"covered":1,"skipped":0,"pct":0},"statements":{"total":0,"covered":0,"skipped":0,"pct":0},"branches":{"total":1,"covered":1,"skipped":0,"pct":0}}
,"D:\\workspace\\rag-demo\\server\\src\\routes\\rag-runtime\\index.ts": {"lines":{"total":56,"covered":0,"skipped":0,"pct":0},"functions":{"total":1,"covered":0,"skipped":0,"pct":0},"statements":{"total":56,"covered":0,"skipped":0,"pct":0},"branches":{"total":1,"covered":0,"skipped":0,"pct":0}}
,"D:\\workspace\\rag-demo\\server\\src\\routes\\rag-runtime\\schemas.ts": {"lines":{"total":75,"covered":0,"skipped":0,"pct":0},"functions":{"total":1,"covered":0,"skipped":0,"pct":0},"statements":{"total":75,"covered":0,"skipped":0,"pct":0},"branches":{"total":1,"covered":0,"skipped":0,"pct":0}}
,"D:\\workspace\\rag-demo\\server\\src\\routes\\role\\index.ts": {"lines":{"total":8,"covered":8,"skipped":0,"pct":100},"functions":{"total":1,"covered":1,"skipped":0,"pct":100},"statements":{"total":8,"covered":8,"skipped":0,"pct":100},"branches":{"total":1,"covered":1,"skipped":0,"pct":100}}
,"D:\\workspace\\rag-demo\\server\\src\\routes\\role\\roles.routes.ts": {"lines":{"total":72,"covered":60,"skipped":0,"pct":83.33},"functions":{"total":1,"covered":1,"skipped":0,"pct":100},"statements":{"total":72,"covered":60,"skipped":0,"pct":83.33},"branches":{"total":7,"covered":5,"skipped":0,"pct":71.42}}
,"D:\\workspace\\rag-demo\\server\\src\\routes\\role\\schemas.ts": {"lines":{"total":163,"covered":163,"skipped":0,"pct":100},"functions":{"total":0,"covered":0,"skipped":0,"pct":100},"statements":{"total":163,"covered":163,"skipped":0,"pct":100},"branches":{"total":0,"covered":0,"skipped":0,"pct":100}}
,"D:\\workspace\\rag-demo\\server\\src\\routes\\role\\types.ts": {"lines":{"total":0,"covered":0,"skipped":0,"pct":0},"functions":{"total":1,"covered":1,"skipped":0,"pct":0},"statements":{"total":0,"covered":0,"skipped":0,"pct":0},"branches":{"total":1,"covered":1,"skipped":0,"pct":0}}
,"D:\\workspace\\rag-demo\\server\\src\\routes\\thread\\access.ts": {"lines":{"total":3,"covered":2,"skipped":0,"pct":66.66},"functions":{"total":1,"covered":0,"skipped":0,"pct":0},"statements":{"total":3,"covered":2,"skipped":0,"pct":66.66},"branches":{"total":0,"covered":0,"skipped":0,"pct":100}}
,"D:\\workspace\\rag-demo\\server\\src\\routes\\thread\\index.ts": {"lines":{"total":10,"covered":10,"skipped":0,"pct":100},"functions":{"total":1,"covered":1,"skipped":0,"pct":100},"statements":{"total":10,"covered":10,"skipped":0,"pct":100},"branches":{"total":1,"covered":1,"skipped":0,"pct":100}}
,"D:\\workspace\\rag-demo\\server\\src\\routes\\thread\\messages.routes.ts": {"lines":{"total":48,"covered":29,"skipped":0,"pct":60.41},"functions":{"total":1,"covered":1,"skipped":0,"pct":100},"statements":{"total":48,"covered":29,"skipped":0,"pct":60.41},"branches":{"total":3,"covered":2,"skipped":0,"pct":66.66}}
,"D:\\workspace\\rag-demo\\server\\src\\routes\\thread\\schemas.ts": {"lines":{"total":376,"covered":376,"skipped":0,"pct":100},"functions":{"total":0,"covered":0,"skipped":0,"pct":100},"statements":{"total":376,"covered":376,"skipped":0,"pct":100},"branches":{"total":0,"covered":0,"skipped":0,"pct":100}}
,"D:\\workspace\\rag-demo\\server\\src\\routes\\thread\\threads.routes.ts": {"lines":{"total":216,"covered":126,"skipped":0,"pct":58.33},"functions":{"total":1,"covered":1,"skipped":0,"pct":100},"statements":{"total":216,"covered":126,"skipped":0,"pct":58.33},"branches":{"total":5,"covered":3,"skipped":0,"pct":60}}
,"D:\\workspace\\rag-demo\\server\\src\\routes\\thread\\types.ts": {"lines":{"total":0,"covered":0,"skipped":0,"pct":0},"functions":{"total":1,"covered":1,"skipped":0,"pct":0},"statements":{"total":0,"covered":0,"skipped":0,"pct":0},"branches":{"total":1,"covered":1,"skipped":0,"pct":0}}
,"D:\\workspace\\rag-demo\\server\\src\\services\\attachment-storage.service.ts": {"lines":{"total":96,"covered":28,"skipped":0,"pct":29.16},"functions":{"total":10,"covered":0,"skipped":0,"pct":0},"statements":{"total":96,"covered":28,"skipped":0,"pct":29.16},"branches":{"total":0,"covered":0,"skipped":0,"pct":100}}
,"D:\\workspace\\rag-demo\\server\\src\\services\\chat-stream-events.ts": {"lines":{"total":99,"covered":57,"skipped":0,"pct":57.57},"functions":{"total":13,"covered":11,"skipped":0,"pct":84.61},"statements":{"total":99,"covered":57,"skipped":0,"pct":57.57},"branches":{"total":13,"covered":12,"skipped":0,"pct":92.3}}
,"D:\\workspace\\rag-demo\\server\\src\\services\\cloudflare-provider.ts": {"lines":{"total":110,"covered":13,"skipped":0,"pct":11.81},"functions":{"total":10,"covered":0,"skipped":0,"pct":0},"statements":{"total":110,"covered":13,"skipped":0,"pct":11.81},"branches":{"total":0,"covered":0,"skipped":0,"pct":100}}
,"D:\\workspace\\rag-demo\\server\\src\\services\\evaluation-package-generator.service.ts": {"lines":{"total":284,"covered":199,"skipped":0,"pct":70.07},"functions":{"total":13,"covered":11,"skipped":0,"pct":84.61},"statements":{"total":284,"covered":199,"skipped":0,"pct":70.07},"branches":{"total":38,"covered":24,"skipped":0,"pct":63.15}}
,"D:\\workspace\\rag-demo\\server\\src\\services\\evaluation.service.ts": {"lines":{"total":855,"covered":480,"skipped":0,"pct":56.14},"functions":{"total":35,"covered":22,"skipped":0,"pct":62.85},"statements":{"total":855,"covered":480,"skipped":0,"pct":56.14},"branches":{"total":125,"covered":59,"skipped":0,"pct":47.2}}
,"D:\\workspace\\rag-demo\\server\\src\\services\\knowledge-base.preview.service.ts": {"lines":{"total":46,"covered":0,"skipped":0,"pct":0},"functions":{"total":1,"covered":0,"skipped":0,"pct":0},"statements":{"total":46,"covered":0,"skipped":0,"pct":0},"branches":{"total":1,"covered":0,"skipped":0,"pct":0}}
,"D:\\workspace\\rag-demo\\server\\src\\services\\knowledge-base.service.ts": {"lines":{"total":651,"covered":128,"skipped":0,"pct":19.66},"functions":{"total":26,"covered":8,"skipped":0,"pct":30.76},"statements":{"total":651,"covered":128,"skipped":0,"pct":19.66},"branches":{"total":33,"covered":14,"skipped":0,"pct":42.42}}
,"D:\\workspace\\rag-demo\\server\\src\\services\\knowledge-base.splitter.ts": {"lines":{"total":327,"covered":34,"skipped":0,"pct":10.39},"functions":{"total":15,"covered":0,"skipped":0,"pct":0},"statements":{"total":327,"covered":34,"skipped":0,"pct":10.39},"branches":{"total":0,"covered":0,"skipped":0,"pct":100}}
,"D:\\workspace\\rag-demo\\server\\src\\services\\knowledge-base.vector-store.ts": {"lines":{"total":235,"covered":17,"skipped":0,"pct":7.23},"functions":{"total":14,"covered":0,"skipped":0,"pct":0},"statements":{"total":235,"covered":17,"skipped":0,"pct":7.23},"branches":{"total":0,"covered":0,"skipped":0,"pct":100}}
,"D:\\workspace\\rag-demo\\server\\src\\services\\llm.service.ts": {"lines":{"total":47,"covered":47,"skipped":0,"pct":100},"functions":{"total":7,"covered":7,"skipped":0,"pct":100},"statements":{"total":47,"covered":47,"skipped":0,"pct":100},"branches":{"total":11,"covered":10,"skipped":0,"pct":90.9}}
,"D:\\workspace\\rag-demo\\server\\src\\services\\log-files.service.ts": {"lines":{"total":53,"covered":0,"skipped":0,"pct":0},"functions":{"total":1,"covered":0,"skipped":0,"pct":0},"statements":{"total":53,"covered":0,"skipped":0,"pct":0},"branches":{"total":1,"covered":0,"skipped":0,"pct":0}}
,"D:\\workspace\\rag-demo\\server\\src\\services\\model-config.defaults.ts": {"lines":{"total":309,"covered":306,"skipped":0,"pct":99.02},"functions":{"total":1,"covered":0,"skipped":0,"pct":0},"statements":{"total":309,"covered":306,"skipped":0,"pct":99.02},"branches":{"total":0,"covered":0,"skipped":0,"pct":100}}
,"D:\\workspace\\rag-demo\\server\\src\\services\\model-config.service.ts": {"lines":{"total":122,"covered":0,"skipped":0,"pct":0},"functions":{"total":1,"covered":0,"skipped":0,"pct":0},"statements":{"total":122,"covered":0,"skipped":0,"pct":0},"branches":{"total":1,"covered":0,"skipped":0,"pct":0}}
,"D:\\workspace\\rag-demo\\server\\src\\services\\openai-compatible-provider.ts": {"lines":{"total":75,"covered":10,"skipped":0,"pct":13.33},"functions":{"total":9,"covered":0,"skipped":0,"pct":0},"statements":{"total":75,"covered":10,"skipped":0,"pct":13.33},"branches":{"total":0,"covered":0,"skipped":0,"pct":100}}
,"D:\\workspace\\rag-demo\\server\\src\\services\\provider-proxy.message-protocol.ts": {"lines":{"total":111,"covered":91,"skipped":0,"pct":81.98},"functions":{"total":9,"covered":8,"skipped":0,"pct":88.88},"statements":{"total":111,"covered":91,"skipped":0,"pct":81.98},"branches":{"total":50,"covered":49,"skipped":0,"pct":98}}
,"D:\\workspace\\rag-demo\\server\\src\\services\\provider-settings.service.ts": {"lines":{"total":328,"covered":0,"skipped":0,"pct":0},"functions":{"total":1,"covered":0,"skipped":0,"pct":0},"statements":{"total":328,"covered":0,"skipped":0,"pct":0},"branches":{"total":1,"covered":0,"skipped":0,"pct":0}}
,"D:\\workspace\\rag-demo\\server\\src\\services\\rag-events.ts": {"lines":{"total":150,"covered":84,"skipped":0,"pct":56},"functions":{"total":12,"covered":7,"skipped":0,"pct":58.33},"statements":{"total":150,"covered":84,"skipped":0,"pct":56},"branches":{"total":19,"covered":9,"skipped":0,"pct":47.36}}
,"D:\\workspace\\rag-demo\\server\\src\\services\\rag-graph.ts": {"lines":{"total":354,"covered":120,"skipped":0,"pct":33.89},"functions":{"total":9,"covered":2,"skipped":0,"pct":22.22},"statements":{"total":354,"covered":120,"skipped":0,"pct":33.89},"branches":{"total":25,"covered":11,"skipped":0,"pct":44}}
,"D:\\workspace\\rag-demo\\server\\src\\services\\rag-node-contract.ts": {"lines":{"total":0,"covered":0,"skipped":0,"pct":0},"functions":{"total":1,"covered":1,"skipped":0,"pct":0},"statements":{"total":0,"covered":0,"skipped":0,"pct":0},"branches":{"total":1,"covered":1,"skipped":0,"pct":0}}
,"D:\\workspace\\rag-demo\\server\\src\\services\\rag-node-observation.ts": {"lines":{"total":96,"covered":72,"skipped":0,"pct":75},"functions":{"total":8,"covered":7,"skipped":0,"pct":87.5},"statements":{"total":96,"covered":72,"skipped":0,"pct":75},"branches":{"total":40,"covered":11,"skipped":0,"pct":27.5}}
,"D:\\workspace\\rag-demo\\server\\src\\services\\rag-pipeline.ts": {"lines":{"total":219,"covered":11,"skipped":0,"pct":5.02},"functions":{"total":6,"covered":1,"skipped":0,"pct":16.66},"statements":{"total":219,"covered":11,"skipped":0,"pct":5.02},"branches":{"total":1,"covered":1,"skipped":0,"pct":100}}
,"D:\\workspace\\rag-demo\\server\\src\\services\\rag-response-constants.ts": {"lines":{"total":2,"covered":2,"skipped":0,"pct":100},"functions":{"total":0,"covered":0,"skipped":0,"pct":100},"statements":{"total":2,"covered":2,"skipped":0,"pct":100},"branches":{"total":0,"covered":0,"skipped":0,"pct":100}}
,"D:\\workspace\\rag-demo\\server\\src\\services\\rag-runables.ts": {"lines":{"total":77,"covered":0,"skipped":0,"pct":0},"functions":{"total":1,"covered":0,"skipped":0,"pct":0},"statements":{"total":77,"covered":0,"skipped":0,"pct":0},"branches":{"total":1,"covered":0,"skipped":0,"pct":0}}
,"D:\\workspace\\rag-demo\\server\\src\\services\\rag-runtime-observer.ts": {"lines":{"total":135,"covered":0,"skipped":0,"pct":0},"functions":{"total":1,"covered":0,"skipped":0,"pct":0},"statements":{"total":135,"covered":0,"skipped":0,"pct":0},"branches":{"total":1,"covered":0,"skipped":0,"pct":0}}
,"D:\\workspace\\rag-demo\\server\\src\\services\\role.service.ts": {"lines":{"total":189,"covered":165,"skipped":0,"pct":87.3},"functions":{"total":12,"covered":12,"skipped":0,"pct":100},"statements":{"total":189,"covered":165,"skipped":0,"pct":87.3},"branches":{"total":57,"covered":29,"skipped":0,"pct":50.87}}
,"D:\\workspace\\rag-demo\\server\\src\\services\\thread.service.ts": {"lines":{"total":442,"covered":392,"skipped":0,"pct":88.68},"functions":{"total":22,"covered":22,"skipped":0,"pct":100},"statements":{"total":442,"covered":392,"skipped":0,"pct":88.68},"branches":{"total":172,"covered":126,"skipped":0,"pct":73.25}}
,"D:\\workspace\\rag-demo\\server\\src\\services\\provider-proxy.service\\attachment-resolver.ts": {"lines":{"total":23,"covered":7,"skipped":0,"pct":30.43},"functions":{"total":4,"covered":0,"skipped":0,"pct":0},"statements":{"total":23,"covered":7,"skipped":0,"pct":30.43},"branches":{"total":0,"covered":0,"skipped":0,"pct":100}}
,"D:\\workspace\\rag-demo\\server\\src\\services\\provider-proxy.service\\chat-adapters.ts": {"lines":{"total":213,"covered":102,"skipped":0,"pct":47.88},"functions":{"total":11,"covered":7,"skipped":0,"pct":63.63},"statements":{"total":213,"covered":102,"skipped":0,"pct":47.88},"branches":{"total":30,"covered":20,"skipped":0,"pct":66.66}}
,"D:\\workspace\\rag-demo\\server\\src\\services\\provider-proxy.service\\index.ts": {"lines":{"total":315,"covered":158,"skipped":0,"pct":50.15},"functions":{"total":16,"covered":9,"skipped":0,"pct":56.25},"statements":{"total":315,"covered":158,"skipped":0,"pct":50.15},"branches":{"total":29,"covered":13,"skipped":0,"pct":44.82}}
,"D:\\workspace\\rag-demo\\server\\src\\services\\provider-proxy.service\\params.ts": {"lines":{"total":73,"covered":38,"skipped":0,"pct":52.05},"functions":{"total":4,"covered":3,"skipped":0,"pct":75},"statements":{"total":73,"covered":38,"skipped":0,"pct":52.05},"branches":{"total":8,"covered":3,"skipped":0,"pct":37.5}}
,"D:\\workspace\\rag-demo\\server\\src\\services\\provider-proxy.service\\resolution.ts": {"lines":{"total":189,"covered":105,"skipped":0,"pct":55.55},"functions":{"total":7,"covered":6,"skipped":0,"pct":85.71},"statements":{"total":189,"covered":105,"skipped":0,"pct":55.55},"branches":{"total":36,"covered":16,"skipped":0,"pct":44.44}}
,"D:\\workspace\\rag-demo\\server\\src\\services\\provider-proxy.service\\stream-normalizer.ts": {"lines":{"total":7,"covered":2,"skipped":0,"pct":28.57},"functions":{"total":1,"covered":0,"skipped":0,"pct":0},"statements":{"total":7,"covered":2,"skipped":0,"pct":28.57},"branches":{"total":0,"covered":0,"skipped":0,"pct":100}}
,"D:\\workspace\\rag-demo\\server\\src\\services\\provider-proxy.service\\types.ts": {"lines":{"total":0,"covered":0,"skipped":0,"pct":0},"functions":{"total":1,"covered":1,"skipped":0,"pct":0},"statements":{"total":0,"covered":0,"skipped":0,"pct":0},"branches":{"total":1,"covered":1,"skipped":0,"pct":0}}
,"D:\\workspace\\rag-demo\\server\\src\\services\\rag-nodes\\embed.service.ts": {"lines":{"total":82,"covered":27,"skipped":0,"pct":32.92},"functions":{"total":3,"covered":3,"skipped":0,"pct":100},"statements":{"total":82,"covered":27,"skipped":0,"pct":32.92},"branches":{"total":7,"covered":3,"skipped":0,"pct":42.85}}
,"D:\\workspace\\rag-demo\\server\\src\\services\\rag-nodes\\generate.service.ts": {"lines":{"total":124,"covered":71,"skipped":0,"pct":57.25},"functions":{"total":10,"covered":6,"skipped":0,"pct":60},"statements":{"total":124,"covered":71,"skipped":0,"pct":57.25},"branches":{"total":13,"covered":11,"skipped":0,"pct":84.61}}
,"D:\\workspace\\rag-demo\\server\\src\\services\\rag-nodes\\index.ts": {"lines":{"total":1,"covered":1,"skipped":0,"pct":100},"functions":{"total":0,"covered":0,"skipped":0,"pct":100},"statements":{"total":1,"covered":1,"skipped":0,"pct":100},"branches":{"total":0,"covered":0,"skipped":0,"pct":100}}
,"D:\\workspace\\rag-demo\\server\\src\\services\\rag-nodes\\lexical-retrieve.service.ts": {"lines":{"total":135,"covered":18,"skipped":0,"pct":13.33},"functions":{"total":8,"covered":0,"skipped":0,"pct":0},"statements":{"total":135,"covered":18,"skipped":0,"pct":13.33},"branches":{"total":0,"covered":0,"skipped":0,"pct":100}}
,"D:\\workspace\\rag-demo\\server\\src\\services\\rag-nodes\\rerank.service.ts": {"lines":{"total":511,"covered":18,"skipped":0,"pct":3.52},"functions":{"total":15,"covered":0,"skipped":0,"pct":0},"statements":{"total":511,"covered":18,"skipped":0,"pct":3.52},"branches":{"total":0,"covered":0,"skipped":0,"pct":100}}
,"D:\\workspace\\rag-demo\\server\\src\\services\\rag-nodes\\retrieve.service.ts": {"lines":{"total":439,"covered":19,"skipped":0,"pct":4.32},"functions":{"total":15,"covered":0,"skipped":0,"pct":0},"statements":{"total":439,"covered":19,"skipped":0,"pct":4.32},"branches":{"total":0,"covered":0,"skipped":0,"pct":100}}
,"D:\\workspace\\rag-demo\\server\\src\\services\\rag-nodes\\rewrite.service.ts": {"lines":{"total":247,"covered":163,"skipped":0,"pct":65.99},"functions":{"total":8,"covered":5,"skipped":0,"pct":62.5},"statements":{"total":247,"covered":163,"skipped":0,"pct":65.99},"branches":{"total":17,"covered":5,"skipped":0,"pct":29.41}}
,"D:\\workspace\\rag-demo\\server\\src\\services\\shared-nodes\\llm.node.ts": {"lines":{"total":60,"covered":60,"skipped":0,"pct":100},"functions":{"total":6,"covered":6,"skipped":0,"pct":100},"statements":{"total":60,"covered":60,"skipped":0,"pct":100},"branches":{"total":16,"covered":8,"skipped":0,"pct":50}}
,"D:\\workspace\\rag-demo\\server\\src\\services\\shared-nodes\\thread-context-summary.node.ts": {"lines":{"total":82,"covered":54,"skipped":0,"pct":65.85},"functions":{"total":5,"covered":4,"skipped":0,"pct":80},"statements":{"total":82,"covered":54,"skipped":0,"pct":65.85},"branches":{"total":13,"covered":9,"skipped":0,"pct":69.23}}
,"D:\\workspace\\rag-demo\\server\\src\\services\\shared-nodes\\thread-request-context-role.resolver.ts": {"lines":{"total":55,"covered":50,"skipped":0,"pct":90.9},"functions":{"total":2,"covered":2,"skipped":0,"pct":100},"statements":{"total":55,"covered":50,"skipped":0,"pct":90.9},"branches":{"total":25,"covered":21,"skipped":0,"pct":84}}
,"D:\\workspace\\rag-demo\\server\\src\\services\\shared-nodes\\thread-request-context-summary.resolver.ts": {"lines":{"total":11,"covered":11,"skipped":0,"pct":100},"functions":{"total":1,"covered":1,"skipped":0,"pct":100},"statements":{"total":11,"covered":11,"skipped":0,"pct":100},"branches":{"total":5,"covered":5,"skipped":0,"pct":100}}
,"D:\\workspace\\rag-demo\\server\\src\\services\\shared-nodes\\thread-request-context.node.ts": {"lines":{"total":12,"covered":12,"skipped":0,"pct":100},"functions":{"total":1,"covered":1,"skipped":0,"pct":100},"statements":{"total":12,"covered":12,"skipped":0,"pct":100},"branches":{"total":3,"covered":3,"skipped":0,"pct":100}}
,"D:\\workspace\\rag-demo\\server\\src\\services\\shared-nodes\\thread-request-context.types.ts": {"lines":{"total":0,"covered":0,"skipped":0,"pct":0},"functions":{"total":1,"covered":1,"skipped":0,"pct":0},"statements":{"total":0,"covered":0,"skipped":0,"pct":0},"branches":{"total":1,"covered":1,"skipped":0,"pct":0}}
,"D:\\workspace\\rag-demo\\server\\src\\utils\\crypto.ts": {"lines":{"total":36,"covered":12,"skipped":0,"pct":33.33},"functions":{"total":2,"covered":1,"skipped":0,"pct":50},"statements":{"total":36,"covered":12,"skipped":0,"pct":33.33},"branches":{"total":4,"covered":1,"skipped":0,"pct":25}}
,"D:\\workspace\\rag-demo\\server\\src\\utils\\errors.ts": {"lines":{"total":43,"covered":38,"skipped":0,"pct":88.37},"functions":{"total":6,"covered":3,"skipped":0,"pct":50},"statements":{"total":43,"covered":38,"skipped":0,"pct":88.37},"branches":{"total":3,"covered":3,"skipped":0,"pct":100}}
,"D:\\workspace\\rag-demo\\server\\src\\utils\\http.ts": {"lines":{"total":22,"covered":18,"skipped":0,"pct":81.81},"functions":{"total":1,"covered":1,"skipped":0,"pct":100},"statements":{"total":22,"covered":18,"skipped":0,"pct":81.81},"branches":{"total":4,"covered":3,"skipped":0,"pct":75}}
,"D:\\workspace\\rag-demo\\server\\src\\utils\\index.ts": {"lines":{"total":230,"covered":6,"skipped":0,"pct":2.6},"functions":{"total":15,"covered":0,"skipped":0,"pct":0},"statements":{"total":230,"covered":6,"skipped":0,"pct":2.6},"branches":{"total":1,"covered":0,"skipped":0,"pct":0}}
,"D:\\workspace\\rag-demo\\server\\src\\utils\\response.ts": {"lines":{"total":48,"covered":25,"skipped":0,"pct":52.08},"functions":{"total":3,"covered":2,"skipped":0,"pct":66.66},"statements":{"total":48,"covered":25,"skipped":0,"pct":52.08},"branches":{"total":3,"covered":2,"skipped":0,"pct":66.66}}
,"D:\\workspace\\rag-demo\\server\\src\\utils\\route-errors.ts": {"lines":{"total":112,"covered":37,"skipped":0,"pct":33.03},"functions":{"total":9,"covered":5,"skipped":0,"pct":55.55},"statements":{"total":112,"covered":37,"skipped":0,"pct":33.03},"branches":{"total":6,"covered":5,"skipped":0,"pct":83.33}}
,"D:\\workspace\\rag-demo\\server\\src\\utils\\time.ts": {"lines":{"total":2,"covered":2,"skipped":0,"pct":100},"functions":{"total":2,"covered":1,"skipped":0,"pct":50},"statements":{"total":2,"covered":2,"skipped":0,"pct":100},"branches":{"total":1,"covered":1,"skipped":0,"pct":100}}
}
